<?xml version="1.0" encoding="utf-8"?><testsuites name="pytest tests"><testsuite name="pytest" errors="0" failures="0" skipped="4" tests="3235" time="484.795" timestamp="2025-10-03T18:03:54.473272-07:00" hostname="glaptop-16"><testcase classname="tests.environment.test_air_index" name="test_dispatch_to_correct_model[backend=numpy-ciddor-ciddor_refractive_index]" time="0.004" /><testcase classname="tests.environment.test_air_index" name="test_dispatch_to_correct_model[backend=numpy-edlen-edlen_refractive_index]" time="0.002" /><testcase classname="tests.environment.test_air_index" name="test_dispatch_to_correct_model[backend=numpy-birch_downs-birch_downs_refractive_index]" time="0.002" /><testcase classname="tests.environment.test_air_index" name="test_dispatch_to_correct_model[backend=numpy-kohlrausch-kohlrausch_refractive_index]" time="0.001" /><testcase classname="tests.environment.test_air_index" name="test_dispatch_to_correct_model[backend=torch-ciddor-ciddor_refractive_index]" time="0.069" /><testcase classname="tests.environment.test_air_index" name="test_dispatch_to_correct_model[backend=torch-edlen-edlen_refractive_index]" time="0.005" /><testcase classname="tests.environment.test_air_index" name="test_dispatch_to_correct_model[backend=torch-birch_downs-birch_downs_refractive_index]" time="0.002" /><testcase classname="tests.environment.test_air_index" name="test_dispatch_to_correct_model[backend=torch-kohlrausch-kohlrausch_refractive_index]" time="0.001" /><testcase classname="tests.environment.test_air_index" name="test_unsupported_model_name[backend=numpy]" time="0.001" /><testcase classname="tests.environment.test_air_index" name="test_unsupported_model_name[backend=torch]" time="0.001" /><testcase classname="tests.environment.test_air_index" name="test_invalid_conditions_type[backend=numpy]" time="0.002" /><testcase classname="tests.environment.test_air_index" name="test_invalid_conditions_type[backend=torch]" time="0.001" /><testcase classname="tests.environment.test_air_index" name="test_wavelength_validation_passed_to_models[backend=numpy]" time="0.003" /><testcase classname="tests.environment.test_air_index" name="test_wavelength_validation_passed_to_models[backend=torch]" time="0.002" /><testcase classname="tests.environment.test_air_index" name="test_temperature_validation_passed_to_models[backend=numpy]" time="0.001" /><testcase classname="tests.environment.test_air_index" name="test_temperature_validation_passed_to_models[backend=torch]" time="0.001" /><testcase classname="tests.environment.test_birch_downs.TestBirchDownsRefractiveIndex" name="test_calculate_saturation_vapor_pressure_standard" time="0.003" /><testcase classname="tests.environment.test_birch_downs.TestBirchDownsRefractiveIndex" name="test_calculate_water_vapor_partial_pressure_dry_air" time="0.001" /><testcase classname="tests.environment.test_birch_downs.TestBirchDownsRefractiveIndex" name="test_calculate_water_vapor_partial_pressure_moist_air" time="0.002" /><testcase classname="tests.environment.test_birch_downs.TestBirchDownsRefractiveIndex" name="test_birch_downs_refractive_index_nist_reference" time="0.002" /><testcase classname="tests.environment.test_birch_downs.TestBirchDownsRefractiveIndex" name="test_birch_downs_refractive_index_dry_air_different_co2" time="0.002" /><testcase classname="tests.environment.test_birch_downs.TestBirchDownsRefractiveIndex" name="test_birch_downs_refractive_index_moist_air" time="0.002" /><testcase classname="tests.environment.test_birch_downs.TestBirchDownsRefractiveIndex" name="test_birch_downs_refractive_index_temperature_effect" time="0.002" /><testcase classname="tests.environment.test_birch_downs.TestBirchDownsRefractiveIndex" name="test_birch_downs_refractive_index_pressure_effect" time="0.002" /><testcase classname="tests.environment.test_birch_downs.TestBirchDownsRefractiveIndex" name="test_birch_downs_refractive_index_wavelength_effect" time="0.001" /><testcase classname="tests.environment.test_birch_downs.TestBirchDownsRefractiveIndex" name="test_birch_downs_refractive_index_edge_wavelengths" time="0.001" /><testcase classname="tests.environment.test_birch_downs.TestBirchDownsRefractiveIndex" name="test_birch_downs_refractive_index_zero_pressure" time="0.001" /><testcase classname="tests.environment.test_birch_downs.TestBirchDownsRefractiveIndex" name="test_birch_downs_refractive_index_invalid_wavelength" time="0.001" /><testcase classname="tests.environment.test_birch_downs.TestBirchDownsRefractiveIndex" name="test_birch_downs_refractive_index_invalid_conditions_type" time="0.002" /><testcase classname="tests.environment.test_birch_downs.TestBirchDownsRefractiveIndex" name="test_birch_downs_refractive_index_high_humidity_extreme_temp" time="0.001" /><testcase classname="tests.environment.test_birch_downs.TestBirchDownsRefractiveIndex" name="test_birch_downs_refractive_index_low_temp_high_pressure" time="0.002" /><testcase classname="tests.environment.test_ciddor.TestCiddorRefractiveIndex" name="test_calculate_molar_mass_air_standard[backend=numpy]" time="0.002" /><testcase classname="tests.environment.test_ciddor.TestCiddorRefractiveIndex" name="test_calculate_molar_mass_air_standard[backend=torch]" time="0.002" /><testcase classname="tests.environment.test_ciddor.TestCiddorRefractiveIndex" name="test_calculate_molar_mass_air_different_co2[backend=numpy]" time="0.001" /><testcase classname="tests.environment.test_ciddor.TestCiddorRefractiveIndex" name="test_calculate_molar_mass_air_different_co2[backend=torch]" time="0.003" /><testcase classname="tests.environment.test_ciddor.TestCiddorRefractiveIndex" name="test_calculate_saturation_vapor_pressure_standard[backend=numpy]" time="0.002" /><testcase classname="tests.environment.test_ciddor.TestCiddorRefractiveIndex" name="test_calculate_saturation_vapor_pressure_standard[backend=torch]" time="0.005" /><testcase classname="tests.environment.test_ciddor.TestCiddorRefractiveIndex" name="test_calculate_saturation_vapor_pressure_edge_cases[backend=numpy]" time="0.002" /><testcase classname="tests.environment.test_ciddor.TestCiddorRefractiveIndex" name="test_calculate_saturation_vapor_pressure_edge_cases[backend=torch]" time="0.003" /><testcase classname="tests.environment.test_ciddor.TestCiddorRefractiveIndex" name="test_calculate_saturation_vapor_pressure_no_where_backend" time="0.003" /><testcase classname="tests.environment.test_ciddor.TestCiddorRefractiveIndex" name="test_calculate_enhancement_factor_standard[backend=numpy]" time="0.002" /><testcase classname="tests.environment.test_ciddor.TestCiddorRefractiveIndex" name="test_calculate_enhancement_factor_standard[backend=torch]" time="0.002" /><testcase classname="tests.environment.test_ciddor.TestCiddorRefractiveIndex" name="test_calculate_enhancement_factor_edge_cases[backend=numpy]" time="0.004" /><testcase classname="tests.environment.test_ciddor.TestCiddorRefractiveIndex" name="test_calculate_enhancement_factor_edge_cases[backend=torch]" time="0.002" /><testcase classname="tests.environment.test_ciddor.TestCiddorRefractiveIndex" name="test_calculate_compressibility_standard[backend=numpy]" time="0.003" /><testcase classname="tests.environment.test_ciddor.TestCiddorRefractiveIndex" name="test_calculate_compressibility_standard[backend=torch]" time="0.002" /><testcase classname="tests.environment.test_ciddor.TestCiddorRefractiveIndex" name="test_calculate_compressibility_moist_air[backend=numpy]" time="0.002" /><testcase classname="tests.environment.test_ciddor.TestCiddorRefractiveIndex" name="test_calculate_compressibility_moist_air[backend=torch]" time="0.002" /><testcase classname="tests.environment.test_ciddor.TestCiddorRefractiveIndex" name="test_ciddor_refractive_index_standard_conditions[backend=numpy]" time="0.002" /><testcase classname="tests.environment.test_ciddor.TestCiddorRefractiveIndex" name="test_ciddor_refractive_index_standard_conditions[backend=torch]" time="0.007" /><testcase classname="tests.environment.test_ciddor.TestCiddorRefractiveIndex" name="test_ciddor_refractive_index_dry_air_different_co2[backend=numpy]" time="0.002" /><testcase classname="tests.environment.test_ciddor.TestCiddorRefractiveIndex" name="test_ciddor_refractive_index_dry_air_different_co2[backend=torch]" time="0.013" /><testcase classname="tests.environment.test_ciddor.TestCiddorRefractiveIndex" name="test_ciddor_refractive_index_moist_air[backend=numpy]" time="0.003" /><testcase classname="tests.environment.test_ciddor.TestCiddorRefractiveIndex" name="test_ciddor_refractive_index_moist_air[backend=torch]" time="0.004" /><testcase classname="tests.environment.test_ciddor.TestCiddorRefractiveIndex" name="test_ciddor_refractive_index_temperature_effect[backend=numpy]" time="0.002" /><testcase classname="tests.environment.test_ciddor.TestCiddorRefractiveIndex" name="test_ciddor_refractive_index_temperature_effect[backend=torch]" time="0.003" /><testcase classname="tests.environment.test_ciddor.TestCiddorRefractiveIndex" name="test_ciddor_refractive_index_pressure_effect[backend=numpy]" time="0.002" /><testcase classname="tests.environment.test_ciddor.TestCiddorRefractiveIndex" name="test_ciddor_refractive_index_pressure_effect[backend=torch]" time="0.004" /><testcase classname="tests.environment.test_ciddor.TestCiddorRefractiveIndex" name="test_ciddor_refractive_index_wavelength_effect[backend=numpy]" time="0.003" /><testcase classname="tests.environment.test_ciddor.TestCiddorRefractiveIndex" name="test_ciddor_refractive_index_wavelength_effect[backend=torch]" time="0.003" /><testcase classname="tests.environment.test_ciddor.TestCiddorRefractiveIndex" name="test_ciddor_refractive_index_edge_wavelengths[backend=numpy]" time="0.001" /><testcase classname="tests.environment.test_ciddor.TestCiddorRefractiveIndex" name="test_ciddor_refractive_index_edge_wavelengths[backend=torch]" time="0.003" /><testcase classname="tests.environment.test_ciddor.TestCiddorRefractiveIndex" name="test_ciddor_refractive_index_zero_pressure[backend=numpy]" time="0.002" /><testcase classname="tests.environment.test_ciddor.TestCiddorRefractiveIndex" name="test_ciddor_refractive_index_zero_pressure[backend=torch]" time="0.003" /><testcase classname="tests.environment.test_ciddor.TestCiddorRefractiveIndex" name="test_ciddor_refractive_index_invalid_wavelength[backend=numpy]" time="0.002" /><testcase classname="tests.environment.test_ciddor.TestCiddorRefractiveIndex" name="test_ciddor_refractive_index_invalid_wavelength[backend=torch]" time="0.002" /><testcase classname="tests.environment.test_ciddor.TestCiddorRefractiveIndex" name="test_ciddor_refractive_index_invalid_conditions_type[backend=numpy]" time="0.002" /><testcase classname="tests.environment.test_ciddor.TestCiddorRefractiveIndex" name="test_ciddor_refractive_index_invalid_conditions_type[backend=torch]" time="0.002" /><testcase classname="tests.environment.test_ciddor.TestCiddorRefractiveIndex" name="test_ciddor_refractive_index_high_humidity_extreme_temp[backend=numpy]" time="0.002" /><testcase classname="tests.environment.test_ciddor.TestCiddorRefractiveIndex" name="test_ciddor_refractive_index_high_humidity_extreme_temp[backend=torch]" time="0.003" /><testcase classname="tests.environment.test_ciddor.TestCiddorRefractiveIndex" name="test_ciddor_refractive_index_low_temp_high_pressure[backend=numpy]" time="0.002" /><testcase classname="tests.environment.test_ciddor.TestCiddorRefractiveIndex" name="test_ciddor_refractive_index_low_temp_high_pressure[backend=torch]" time="0.003" /><testcase classname="tests.environment.test_ciddor.TestCiddorRefractiveIndex" name="test_ciddor_refractive_index_consistency_with_example[backend=numpy]" time="0.001" /><testcase classname="tests.environment.test_ciddor.TestCiddorRefractiveIndex" name="test_ciddor_refractive_index_consistency_with_example[backend=torch]" time="0.006" /><testcase classname="tests.environment.test_conditions" name="test_environmental_conditions_defaults" time="0.002" /><testcase classname="tests.environment.test_conditions" name="test_environmental_conditions_custom_values" time="0.001" /><testcase classname="tests.environment.test_conditions" name="test_environmental_conditions_partial_custom_values" time="0.002" /><testcase classname="tests.environment.test_conditions" name="test_environmental_conditions_parametrization[101325-15-0.0-400-None]" time="0.001" /><testcase classname="tests.environment.test_conditions" name="test_environmental_conditions_parametrization[90000-0-0.25-300-0.633]" time="0.002" /><testcase classname="tests.environment.test_conditions" name="test_environmental_conditions_parametrization[110000-30-1.0-800-1.55]" time="0.002" /><testcase classname="tests.environment.test_conditions" name="test_environmental_conditions_types" time="0.002" /><testcase classname="tests.environment.test_conditions" name="test_environmental_conditions_mutability" time="0.001" /><testcase classname="tests.environment.test_edlen.TestEdlenRefractiveIndex" name="test_calculate_saturation_vapor_pressure_standard" time="0.001" /><testcase classname="tests.environment.test_edlen.TestEdlenRefractiveIndex" name="test_calculate_saturation_vapor_pressure_edge_cases" time="0.002" /><testcase classname="tests.environment.test_edlen.TestEdlenRefractiveIndex" name="test_edlen_refractive_index_nist_reference" time="0.002" /><testcase classname="tests.environment.test_edlen.TestEdlenRefractiveIndex" name="test_edlen_refractive_index_dry_air_different_co2" time="0.002" /><testcase classname="tests.environment.test_edlen.TestEdlenRefractiveIndex" name="test_edlen_refractive_index_moist_air" time="0.002" /><testcase classname="tests.environment.test_edlen.TestEdlenRefractiveIndex" name="test_edlen_refractive_index_temperature_effect" time="0.003" /><testcase classname="tests.environment.test_edlen.TestEdlenRefractiveIndex" name="test_edlen_refractive_index_pressure_effect" time="0.002" /><testcase classname="tests.environment.test_edlen.TestEdlenRefractiveIndex" name="test_edlen_refractive_index_wavelength_effect" time="0.002" /><testcase classname="tests.environment.test_edlen.TestEdlenRefractiveIndex" name="test_edlen_refractive_index_edge_wavelengths" time="0.002" /><testcase classname="tests.environment.test_edlen.TestEdlenRefractiveIndex" name="test_edlen_refractive_index_zero_pressure" time="0.002" /><testcase classname="tests.environment.test_edlen.TestEdlenRefractiveIndex" name="test_edlen_refractive_index_invalid_wavelength" time="0.002" /><testcase classname="tests.environment.test_edlen.TestEdlenRefractiveIndex" name="test_edlen_refractive_index_invalid_conditions_type" time="0.002" /><testcase classname="tests.environment.test_edlen.TestEdlenRefractiveIndex" name="test_edlen_refractive_index_high_humidity_extreme_temp" time="0.002" /><testcase classname="tests.environment.test_edlen.TestEdlenRefractiveIndex" name="test_edlen_refractive_index_low_temp_high_pressure" time="0.002" /><testcase classname="tests.environment.test_kohlrausch.TestKohlrauschRefractiveIndex" name="test_kohlrausch_refractive_index_standard_conditions" time="0.002" /><testcase classname="tests.environment.test_kohlrausch.TestKohlrauschRefractiveIndex" name="test_kohlrausch_refractive_index_temperature_effect" time="0.001" /><testcase classname="tests.environment.test_kohlrausch.TestKohlrauschRefractiveIndex" name="test_kohlrausch_refractive_index_pressure_effect" time="0.002" /><testcase classname="tests.environment.test_kohlrausch.TestKohlrauschRefractiveIndex" name="test_kohlrausch_refractive_index_wavelength_effect" time="0.002" /><testcase classname="tests.environment.test_kohlrausch.TestKohlrauschRefractiveIndex" name="test_kohlrausch_refractive_index_edge_wavelengths" time="0.002" /><testcase classname="tests.environment.test_kohlrausch.TestKohlrauschRefractiveIndex" name="test_kohlrausch_refractive_index_zero_pressure" time="0.002" /><testcase classname="tests.environment.test_kohlrausch.TestKohlrauschRefractiveIndex" name="test_kohlrausch_refractive_index_invalid_wavelength_zero" time="0.002" /><testcase classname="tests.environment.test_kohlrausch.TestKohlrauschRefractiveIndex" name="test_kohlrausch_refractive_index_invalid_wavelength_negative" time="0.003" /><testcase classname="tests.environment.test_kohlrausch.TestKohlrauschRefractiveIndex" name="test_kohlrausch_refractive_index_invalid_conditions_type" time="0.003" /><testcase classname="tests.environment.test_kohlrausch.TestKohlrauschRefractiveIndex" name="test_kohlrausch_refractive_index_extreme_low_temperature" time="0.002" /><testcase classname="tests.environment.test_kohlrausch.TestKohlrauschRefractiveIndex" name="test_kohlrausch_refractive_index_high_temp_low_pressure" time="0.002" /><testcase classname="tests.test_aberrations.TestDoubleGaussAberrations" name="test_init[backend=numpy]" time="0.424" /><testcase classname="tests.test_aberrations.TestDoubleGaussAberrations" name="test_init[backend=torch]" time="0.193" /><testcase classname="tests.test_aberrations.TestDoubleGaussAberrations" name="test_seidels[backend=numpy]" time="0.156" /><testcase classname="tests.test_aberrations.TestDoubleGaussAberrations" name="test_seidels[backend=torch]" time="0.283" /><testcase classname="tests.test_aberrations.TestDoubleGaussAberrations" name="test_third_order[backend=numpy]" time="0.145" /><testcase classname="tests.test_aberrations.TestDoubleGaussAberrations" name="test_third_order[backend=torch]" time="0.209" /><testcase classname="tests.test_aberrations.TestDoubleGaussAberrations" name="test_third_order_all_functions[backend=numpy]" time="0.383" /><testcase classname="tests.test_aberrations.TestDoubleGaussAberrations" name="test_third_order_all_functions[backend=torch]" time="1.501" /><testcase classname="tests.test_aberrations.TestEdmundSinglet" name="test_init[backend=numpy]" time="0.044" /><testcase classname="tests.test_aberrations.TestEdmundSinglet" name="test_init[backend=torch]" time="0.015" /><testcase classname="tests.test_aberrations.TestEdmundSinglet" name="test_seidels[backend=numpy]" time="0.020" /><testcase classname="tests.test_aberrations.TestEdmundSinglet" name="test_seidels[backend=torch]" time="0.046" /><testcase classname="tests.test_aberrations.TestEdmundSinglet" name="test_third_order[backend=numpy]" time="0.027" /><testcase classname="tests.test_aberrations.TestEdmundSinglet" name="test_third_order[backend=torch]" time="0.062" /><testcase classname="tests.test_aberrations.TestEdmundSinglet" name="test_third_order_all_functions[backend=numpy]" time="0.115" /><testcase classname="tests.test_aberrations.TestEdmundSinglet" name="test_third_order_all_functions[backend=torch]" time="0.601" /><testcase classname="tests.test_aberrations.TestSingletStopTwo" name="test_init[backend=numpy]" time="0.063" /><testcase classname="tests.test_aberrations.TestSingletStopTwo" name="test_init[backend=torch]" time="0.031" /><testcase classname="tests.test_aberrations.TestSingletStopTwo" name="test_seidels[backend=numpy]" time="0.040" /><testcase classname="tests.test_aberrations.TestSingletStopTwo" name="test_seidels[backend=torch]" time="0.081" /><testcase classname="tests.test_aberrations.TestSingletStopTwo" name="test_third_order[backend=numpy]" time="0.041" /><testcase classname="tests.test_aberrations.TestSingletStopTwo" name="test_third_order[backend=torch]" time="0.082" /><testcase classname="tests.test_aberrations.TestSingletStopTwo" name="test_third_order_all_functions[backend=numpy]" time="0.145" /><testcase classname="tests.test_aberrations.TestSingletStopTwo" name="test_third_order_all_functions[backend=torch]" time="0.416" /><testcase classname="tests.test_aberrations.TestSimpleSinglet" name="test_on_axis_seidels_are_not_zero[backend=numpy]" time="0.026" /><testcase classname="tests.test_aberrations.TestSimpleSinglet" name="test_on_axis_seidels_are_not_zero[backend=torch]" time="0.054" /><testcase classname="tests.test_analysis.TestCookeTripetSpotDiagram" name="test_spot_geometric_radius[backend=numpy]" time="0.192" /><testcase classname="tests.test_analysis.TestCookeTripetSpotDiagram" name="test_spot_geometric_radius[backend=torch]" time="0.502" /><testcase classname="tests.test_analysis.TestCookeTripetSpotDiagram" name="test_spot_rms_radius[backend=numpy]" time="0.098" /><testcase classname="tests.test_analysis.TestCookeTripetSpotDiagram" name="test_spot_rms_radius[backend=torch]" time="0.362" /><testcase classname="tests.test_analysis.TestCookeTripetSpotDiagram" name="test_airy_disc[backend=numpy]" time="0.191" /><testcase classname="tests.test_analysis.TestCookeTripetSpotDiagram" name="test_airy_disc[backend=torch]" time="0.753" /><testcase classname="tests.test_analysis.TestCookeTripetSpotDiagram" name="test_airy_disc_in_view_spot_diagram[backend=numpy]" time="0.316" /><testcase classname="tests.test_analysis.TestCookeTripetSpotDiagram" name="test_airy_disc_in_view_spot_diagram[backend=torch]" time="1.227" /><testcase classname="tests.test_analysis.TestCookeTripetSpotDiagram" name="test_view_spot_diagram[backend=numpy]" time="0.196" /><testcase classname="tests.test_analysis.TestCookeTripetSpotDiagram" name="test_view_spot_diagram[backend=torch]" time="0.286" /><testcase classname="tests.test_analysis.TestCookeTripetSpotDiagram" name="test_view_spot_diagram_larger_fig[backend=numpy]" time="0.236" /><testcase classname="tests.test_analysis.TestCookeTripetSpotDiagram" name="test_view_spot_diagram_larger_fig[backend=torch]" time="0.435" /><testcase classname="tests.test_analysis.TestTripletSpotDiagram" name="test_view_spot_diagram[backend=numpy]" time="0.315" /><testcase classname="tests.test_analysis.TestTripletSpotDiagram" name="test_view_spot_diagram[backend=torch]" time="0.425" /><testcase classname="tests.test_analysis.TestTripletSpotDiagram" name="test_view_spot_diagram_larger_fig[backend=numpy]" time="0.315" /><testcase classname="tests.test_analysis.TestTripletSpotDiagram" name="test_view_spot_diagram_larger_fig[backend=torch]" time="0.457" /><testcase classname="tests.test_analysis.TestCookeTripletEncircledEnergy" name="test_encircled_energy_centroid[backend=numpy]" time="1.414" /><testcase classname="tests.test_analysis.TestCookeTripletEncircledEnergy" name="test_encircled_energy_centroid[backend=torch]" time="2.016" /><testcase classname="tests.test_analysis.TestCookeTripletEncircledEnergy" name="test_view_encircled_energy[backend=numpy]" time="1.727" /><testcase classname="tests.test_analysis.TestCookeTripletEncircledEnergy" name="test_view_encircled_energy[backend=torch]" time="3.537" /><testcase classname="tests.test_analysis.TestCookeTripletEncircledEnergy" name="test_view_encircled_energy_larger_fig[backend=numpy]" time="2.021" /><testcase classname="tests.test_analysis.TestCookeTripletEncircledEnergy" name="test_view_encircled_energy_larger_fig[backend=torch]" time="3.296" /><testcase classname="tests.test_analysis.TestCookeTripletRayFan" name="test_ray_fan[backend=numpy]" time="0.172" /><testcase classname="tests.test_analysis.TestCookeTripletRayFan" name="test_ray_fan[backend=torch]" time="0.461" /><testcase classname="tests.test_analysis.TestCookeTripletRayFan" name="test_view_ray_fan[backend=numpy]" time="0.762" /><testcase classname="tests.test_analysis.TestCookeTripletRayFan" name="test_view_ray_fan[backend=torch]" time="0.558" /><testcase classname="tests.test_analysis.TestCookeTripletRayFan" name="test_view_ray_fan_larger_fig[backend=numpy]" time="0.303" /><testcase classname="tests.test_analysis.TestCookeTripletRayFan" name="test_view_ray_fan_larger_fig[backend=torch]" time="0.458" /><testcase classname="tests.test_analysis.TestTelescopeTripletYYbar" name="test_view_yybar[backend=numpy]" time="0.090" /><testcase classname="tests.test_analysis.TestTelescopeTripletYYbar" name="test_view_yybar[backend=torch]" time="0.084" /><testcase classname="tests.test_analysis.TestTelescopeTripletYYbar" name="test_view_yybar_larger_fig[backend=numpy]" time="0.073" /><testcase classname="tests.test_analysis.TestTelescopeTripletYYbar" name="test_view_yybar_larger_fig[backend=torch]" time="0.080" /><testcase classname="tests.test_analysis.TestTelescopeTripletDistortion" name="test_distortion_values[backend=numpy]" time="0.043" /><testcase classname="tests.test_analysis.TestTelescopeTripletDistortion" name="test_distortion_values[backend=torch]" time="0.087" /><testcase classname="tests.test_analysis.TestTelescopeTripletDistortion" name="test_f_theta_distortion[backend=numpy]" time="0.046" /><testcase classname="tests.test_analysis.TestTelescopeTripletDistortion" name="test_f_theta_distortion[backend=torch]" time="0.093" /><testcase classname="tests.test_analysis.TestTelescopeTripletDistortion" name="test_invalid_distortion_type[backend=numpy]" time="0.036" /><testcase classname="tests.test_analysis.TestTelescopeTripletDistortion" name="test_invalid_distortion_type[backend=torch]" time="0.048" /><testcase classname="tests.test_analysis.TestTelescopeTripletDistortion" name="test_view_distortion[backend=numpy]" time="0.078" /><testcase classname="tests.test_analysis.TestTelescopeTripletDistortion" name="test_view_distortion[backend=torch]" time="0.113" /><testcase classname="tests.test_analysis.TestTelescopeTripletDistortion" name="test_view_distortion_larger_fig[backend=numpy]" time="0.077" /><testcase classname="tests.test_analysis.TestTelescopeTripletDistortion" name="test_view_distortion_larger_fig[backend=torch]" time="0.122" /><testcase classname="tests.test_analysis.TestTelescopeTripletGridDistortion" name="test_grid_distortion_values[backend=numpy]" time="0.048" /><testcase classname="tests.test_analysis.TestTelescopeTripletGridDistortion" name="test_grid_distortion_values[backend=torch]" time="0.123" /><testcase classname="tests.test_analysis.TestTelescopeTripletGridDistortion" name="test_f_theta_distortion[backend=numpy]" time="0.071" /><testcase classname="tests.test_analysis.TestTelescopeTripletGridDistortion" name="test_f_theta_distortion[backend=torch]" time="0.139" /><testcase classname="tests.test_analysis.TestTelescopeTripletGridDistortion" name="test_invalid_distortion_type[backend=numpy]" time="0.065" /><testcase classname="tests.test_analysis.TestTelescopeTripletGridDistortion" name="test_invalid_distortion_type[backend=torch]" time="0.082" /><testcase classname="tests.test_analysis.TestTelescopeTripletGridDistortion" name="test_view_grid_distortion[backend=numpy]" time="0.108" /><testcase classname="tests.test_analysis.TestTelescopeTripletGridDistortion" name="test_view_grid_distortion[backend=torch]" time="0.135" /><testcase classname="tests.test_analysis.TestTelescopeTripletGridDistortion" name="test_view_grid_distortion_larger_fig[backend=numpy]" time="0.264" /><testcase classname="tests.test_analysis.TestTelescopeTripletGridDistortion" name="test_view_grid_distortion_larger_fig[backend=torch]" time="0.155" /><testcase classname="tests.test_analysis.TestTelescopeTripletFieldCurvature" name="test_field_curvature_init[backend=numpy]" time="0.088" /><testcase classname="tests.test_analysis.TestTelescopeTripletFieldCurvature" name="test_field_curvature_init[backend=torch]" time="0.214" /><testcase classname="tests.test_analysis.TestTelescopeTripletFieldCurvature" name="test_field_curvature_init_with_wavelength[backend=numpy]" time="0.078" /><testcase classname="tests.test_analysis.TestTelescopeTripletFieldCurvature" name="test_field_curvature_init_with_wavelength[backend=torch]" time="0.169" /><testcase classname="tests.test_analysis.TestTelescopeTripletFieldCurvature" name="test_field_curvature_init_with_num_points[backend=numpy]" time="0.098" /><testcase classname="tests.test_analysis.TestTelescopeTripletFieldCurvature" name="test_field_curvature_init_with_num_points[backend=torch]" time="0.166" /><testcase classname="tests.test_analysis.TestTelescopeTripletFieldCurvature" name="test_field_curvature_init_with_all_parameters[backend=numpy]" time="0.046" /><testcase classname="tests.test_analysis.TestTelescopeTripletFieldCurvature" name="test_field_curvature_init_with_all_parameters[backend=torch]" time="0.070" /><testcase classname="tests.test_analysis.TestTelescopeTripletFieldCurvature" name="test_field_curvature_view[backend=numpy]" time="0.108" /><testcase classname="tests.test_analysis.TestTelescopeTripletFieldCurvature" name="test_field_curvature_view[backend=torch]" time="0.341" /><testcase classname="tests.test_analysis.TestTelescopeTripletFieldCurvature" name="test_field_curvature_generate_data[backend=numpy]" time="0.138" /><testcase classname="tests.test_analysis.TestTelescopeTripletFieldCurvature" name="test_field_curvature_generate_data[backend=torch]" time="0.277" /><testcase classname="tests.test_analysis.TestSpotVsField" name="test_rms_spot_size_vs_field_initialization[backend=numpy]" time="1.253" /><testcase classname="tests.test_analysis.TestSpotVsField" name="test_rms_spot_size_vs_field_initialization[backend=torch]" time="6.107" /><testcase classname="tests.test_analysis.TestSpotVsField" name="test_rms_spot_radius[backend=numpy]" time="2.019" /><testcase classname="tests.test_analysis.TestSpotVsField" name="test_rms_spot_radius[backend=torch]" time="8.216" /><testcase classname="tests.test_analysis.TestSpotVsField" name="test_view_spot_vs_field[backend=numpy]" time="1.414" /><testcase classname="tests.test_analysis.TestSpotVsField" name="test_view_spot_vs_field[backend=torch]" time="6.124" /><testcase classname="tests.test_analysis.TestSpotVsField" name="test_view_spot_vs_field_larger_fig[backend=numpy]" time="1.502" /><testcase classname="tests.test_analysis.TestSpotVsField" name="test_view_spot_vs_field_larger_fig[backend=torch]" time="5.340" /><testcase classname="tests.test_analysis.TestWavefrontErrorVsField" name="test_rms_wave_init[backend=numpy]" time="1.559" /><testcase classname="tests.test_analysis.TestWavefrontErrorVsField" name="test_rms_wave_init[backend=torch]" time="5.683" /><testcase classname="tests.test_analysis.TestWavefrontErrorVsField" name="test_rms_wave[backend=numpy]" time="1.540" /><testcase classname="tests.test_analysis.TestWavefrontErrorVsField" name="test_rms_wave[backend=torch]" time="6.328" /><testcase classname="tests.test_analysis.TestWavefrontErrorVsField" name="test_view_wave[backend=numpy]" time="1.630" /><testcase classname="tests.test_analysis.TestWavefrontErrorVsField" name="test_view_wave[backend=torch]" time="6.137" /><testcase classname="tests.test_analysis.TestWavefrontErrorVsField" name="test_view_wave_larger_fig[backend=numpy]" time="1.369" /><testcase classname="tests.test_analysis.TestWavefrontErrorVsField" name="test_view_wave_larger_fig[backend=torch]" time="4.720" /><testcase classname="tests.test_analysis.TestPupilAberration" name="test_initialization[backend=numpy]" time="0.147" /><testcase classname="tests.test_analysis.TestPupilAberration" name="test_initialization[backend=torch]" time="0.646" /><testcase classname="tests.test_analysis.TestPupilAberration" name="test_generate_data[backend=numpy]" time="0.372" /><testcase classname="tests.test_analysis.TestPupilAberration" name="test_generate_data[backend=torch]" time="1.153" /><testcase classname="tests.test_analysis.TestPupilAberration" name="test_view[backend=numpy]" time="0.365" /><testcase classname="tests.test_analysis.TestPupilAberration" name="test_view[backend=torch]" time="0.864" /><testcase classname="tests.test_analysis" name="test_spotdiagram_invalid_coordinates" time="0.031" /><testcase classname="tests.test_analysis" name="test_generate_field_data_local[backend=numpy]" time="0.081" /><testcase classname="tests.test_analysis" name="test_generate_field_data_local[backend=torch]" time="0.188" /><testcase classname="tests.test_analysis" name="test_generate_field_data_global[backend=numpy]" time="0.078" /><testcase classname="tests.test_analysis" name="test_generate_field_data_global[backend=torch]" time="0.213" /><testcase classname="tests.test_analysis.TestIncoherentIrradiance" name="test_irradiance_v1_uniform_and_user_defined_rays[backend=numpy]" time="0.752" /><testcase classname="tests.test_analysis.TestIncoherentIrradiance" name="test_irradiance_v1_uniform_and_user_defined_rays[backend=torch]" time="0.732" /><testcase classname="tests.test_analysis.TestIncoherentIrradiance" name="test_irradiance_v1_one_ray_per_other_pixel[backend=numpy]" time="0.157" /><testcase classname="tests.test_analysis.TestIncoherentIrradiance" name="test_irradiance_v1_one_ray_per_other_pixel[backend=torch]" time="0.111" /><testcase classname="tests.test_analysis.TestIncoherentIrradiance" name="test_irradiance_gaussian_apodization[backend=numpy]" time="0.148" /><testcase classname="tests.test_analysis.TestIncoherentIrradiance" name="test_irradiance_gaussian_apodization[backend=torch]" time="0.126" /><testcase classname="tests.test_analysis.TestIncoherentIrradiance" name="test_irradiance_perfect_mirror_focus[backend=numpy]" time="0.111" /><testcase classname="tests.test_analysis.TestIncoherentIrradiance" name="test_irradiance_perfect_mirror_focus[backend=torch]" time="0.111" /><testcase classname="tests.test_analysis.TestIncoherentIrradiance" name="test_irradiance_plot_cross_section_gaussian[backend=numpy]" time="0.237" /><testcase classname="tests.test_analysis.TestIncoherentIrradiance" name="test_irradiance_plot_cross_section_gaussian[backend=torch]" time="0.301" /><testcase classname="tests.test_analysis.TestIncoherentIrradiance" name="test_irradiance_peak_irradiance[backend=numpy]" time="0.004" /><testcase classname="tests.test_analysis.TestIncoherentIrradiance" name="test_irradiance_peak_irradiance[backend=torch]" time="0.015" /><testcase classname="tests.test_analysis.TestIncoherentIrradiance" name="test_detector_surface_no_aperture[backend=numpy]" time="0.001" /><testcase classname="tests.test_analysis.TestIncoherentIrradiance" name="test_detector_surface_no_aperture[backend=torch]" time="0.001" /><testcase classname="tests.test_analysis.TestIncoherentIrradiance" name="test_px_size_overrides_res_warning[backend=numpy]" time="0.127" /><testcase classname="tests.test_analysis.TestIncoherentIrradiance" name="test_px_size_overrides_res_warning[backend=torch]" time="0.119" /><testcase classname="tests.test_analysis.TestIncoherentIrradiance" name="test_irradiance_view_options[backend=numpy]" time="0.210" /><testcase classname="tests.test_analysis.TestIncoherentIrradiance" name="test_irradiance_view_options[backend=torch]" time="0.186" /><testcase classname="tests.test_analysis.TestIncoherentIrradiance" name="test_irradiance_cross_section_invalid_slice[backend=numpy]" time="0.737" /><testcase classname="tests.test_analysis.TestIncoherentIrradiance" name="test_irradiance_cross_section_invalid_slice[backend=torch]" time="0.392" /><testcase classname="tests.test_analysis.TestIncoherentIrradiance" name="test_irradiance_view_no_data[backend=numpy]" time="0.005" /><testcase classname="tests.test_analysis.TestIncoherentIrradiance" name="test_irradiance_view_no_data[backend=torch]" time="0.011" /><testcase classname="tests.test_analysis.TestIncoherentIrradiance" name="test_vmin_vmax_equal_case[backend=numpy]" time="0.317" /><testcase classname="tests.test_analysis.TestIncoherentIrradiance" name="test_vmin_vmax_equal_case[backend=torch]" time="0.383" /><testcase classname="tests.test_analysis.TestIncoherentIrradiance" name="test_peak_irradiance_empty_data[backend=numpy]" time="0.005" /><testcase classname="tests.test_analysis.TestIncoherentIrradiance" name="test_peak_irradiance_empty_data[backend=torch]" time="0.016" /><testcase classname="tests.test_analysis.TestIncoherentIrradiance" name="test_irradiance_autodiff[backend=numpy]" time="0.001"><skipped type="pytest.skip" message="Autodiff test only runs for torch backend">C:\Users\golde\code\optiland\tests\test_analysis.py:1402: Autodiff test only runs for torch backend</skipped></testcase><testcase classname="tests.test_analysis.TestIncoherentIrradiance" name="test_irradiance_autodiff[backend=torch]" time="0.059" /><testcase classname="tests.test_analysis" name="test_incoherent_irradiance_initialization[backend=numpy]" time="0.005" /><testcase classname="tests.test_analysis" name="test_incoherent_irradiance_initialization[backend=torch]" time="0.011" /><testcase classname="tests.test_analysis" name="test_view_normalize_true_peak_zero[backend=numpy]" time="0.133" /><testcase classname="tests.test_analysis" name="test_view_normalize_true_peak_zero[backend=torch]" time="0.122" /><testcase classname="tests.test_analysis" name="test_cross_section_plot_helper_out_of_bounds[backend=numpy]" time="0.008" /><testcase classname="tests.test_analysis" name="test_cross_section_plot_helper_out_of_bounds[backend=torch]" time="0.015" /><testcase classname="tests.test_analysis.TestThroughFocusSpotDiagram" name="test_init_valid[backend=numpy]" time="0.275" /><testcase classname="tests.test_analysis.TestThroughFocusSpotDiagram" name="test_init_valid[backend=torch]" time="0.815" /><testcase classname="tests.test_analysis.TestThroughFocusSpotDiagram" name="test_init_invalid_coordinates[backend=numpy]" time="0.039" /><testcase classname="tests.test_analysis.TestThroughFocusSpotDiagram" name="test_init_invalid_coordinates[backend=torch]" time="0.037" /><testcase classname="tests.test_analysis.TestThroughFocusSpotDiagram" name="test_perform_analysis_at_focus_returns_data[backend=numpy]" time="0.177" /><testcase classname="tests.test_analysis.TestThroughFocusSpotDiagram" name="test_perform_analysis_at_focus_returns_data[backend=torch]" time="0.635" /><testcase classname="tests.test_analysis.TestThroughFocusSpotDiagram" name="test_validate_view_prerequisites_failure_empty_results[backend=numpy]" time="0.267" /><testcase classname="tests.test_analysis.TestThroughFocusSpotDiagram" name="test_validate_view_prerequisites_failure_empty_results[backend=torch]" time="0.522" /><testcase classname="tests.test_analysis.TestThroughFocusSpotDiagram" name="test_validate_view_prerequisites_failure_empty_fields[backend=numpy]" time="0.151" /><testcase classname="tests.test_analysis.TestThroughFocusSpotDiagram" name="test_validate_view_prerequisites_failure_empty_fields[backend=torch]" time="0.606" /><testcase classname="tests.test_analysis.TestThroughFocusSpotDiagram" name="test_validate_view_prerequisites_success[backend=numpy]" time="0.186" /><testcase classname="tests.test_analysis.TestThroughFocusSpotDiagram" name="test_validate_view_prerequisites_success[backend=torch]" time="0.458" /><testcase classname="tests.test_analysis.TestThroughFocusSpotDiagram" name="test_get_plot_axis_labels_orientation_0[backend=numpy]" time="0.140" /><testcase classname="tests.test_analysis.TestThroughFocusSpotDiagram" name="test_get_plot_axis_labels_orientation_0[backend=torch]" time="0.718" /><testcase classname="tests.test_analysis.TestThroughFocusSpotDiagram" name="test_get_spot_centroid_and_axis_limit[backend=numpy]" time="0.150" /><testcase classname="tests.test_analysis.TestThroughFocusSpotDiagram" name="test_get_spot_centroid_and_axis_limit[backend=torch]" time="0.473" /><testcase classname="tests.test_analysis.TestThroughFocusSpotDiagram" name="test_view_full[backend=numpy]" time="0.636" /><testcase classname="tests.test_analysis.TestThroughFocusSpotDiagram" name="test_view_full[backend=torch]" time="0.889" /><testcase classname="tests.test_analysis.TestThroughFocusSpotDiagram" name="test_view_with_all_zero_intensities[backend=numpy]" time="0.582" /><testcase classname="tests.test_analysis.TestThroughFocusSpotDiagram" name="test_view_with_all_zero_intensities[backend=torch]" time="0.966" /><testcase classname="tests.test_analysis.TestRadiantIntensity" name="test_intensity_output_values[backend=numpy-1-tests/zemax_files/sph_lens_coll_intensity_free_prop.txt-12]" time="3.568" /><testcase classname="tests.test_analysis.TestRadiantIntensity" name="test_intensity_output_values[backend=torch-1-tests/zemax_files/sph_lens_coll_intensity_free_prop.txt-12]" time="4.716" /><testcase classname="tests.test_analysis.TestRadiantIntensity" name="test_view_intensity[backend=numpy]" time="1.430" /><testcase classname="tests.test_analysis.TestRadiantIntensity" name="test_view_intensity[backend=torch]" time="0.422" /><testcase classname="tests.test_analysis.TestRadiantIntensity" name="test_view_intensity_cross_section[backend=numpy]" time="0.194" /><testcase classname="tests.test_analysis.TestRadiantIntensity" name="test_view_intensity_cross_section[backend=torch]" time="0.222" /><testcase classname="tests.test_analysis.TestRadiantIntensity" name="test_view_intensity_normalize[backend=numpy]" time="0.658" /><testcase classname="tests.test_analysis.TestRadiantIntensity" name="test_view_intensity_normalize[backend=torch]" time="0.385" /><testcase classname="tests.test_analysis.TestRadiantIntensity" name="test_intensity_autodiff[backend=numpy]" time="0.001"><skipped type="pytest.skip" message="Autodiff test only runs for torch backend">C:\Users\golde\code\optiland\tests\test_analysis.py:2003: Autodiff test only runs for torch backend</skipped></testcase><testcase classname="tests.test_analysis.TestRadiantIntensity" name="test_intensity_autodiff[backend=torch]" time="0.032" /><testcase classname="tests.test_analysis.TestCookeTripletBestFitRayFan" name="test_initialization[backend=numpy]" time="0.322" /><testcase classname="tests.test_analysis.TestCookeTripletBestFitRayFan" name="test_initialization[backend=torch]" time="0.740" /><testcase classname="tests.test_analysis.TestCookeTripletBestFitRayFan" name="test_best_fit_ray_fan_data[backend=numpy]" time="0.174" /><testcase classname="tests.test_analysis.TestCookeTripletBestFitRayFan" name="test_best_fit_ray_fan_data[backend=torch]" time="0.831" /><testcase classname="tests.test_analysis.TestCookeTripletBestFitRayFan" name="test_view_best_fit_ray_fan[backend=numpy]" time="0.457" /><testcase classname="tests.test_analysis.TestCookeTripletBestFitRayFan" name="test_view_best_fit_ray_fan[backend=torch]" time="0.759" /><testcase classname="tests.test_analysis.TestCookeTripletBestFitRayFan" name="test_remove_distortion_with_invalid_central_ray[backend=numpy]" time="0.005" /><testcase classname="tests.test_analysis.TestCookeTripletBestFitRayFan" name="test_remove_distortion_with_invalid_central_ray[backend=torch]" time="0.003" /><testcase classname="tests.test_angle_vs_height.TestPupilIncidentAngleVsHeight" name="test_initialization[backend=numpy]" time="0.038" /><testcase classname="tests.test_angle_vs_height.TestPupilIncidentAngleVsHeight" name="test_initialization[backend=torch]" time="0.057" /><testcase classname="tests.test_angle_vs_height.TestPupilIncidentAngleVsHeight" name="test_get_trace_coordinates_axis_y[backend=numpy]" time="0.039" /><testcase classname="tests.test_angle_vs_height.TestPupilIncidentAngleVsHeight" name="test_get_trace_coordinates_axis_y[backend=torch]" time="0.065" /><testcase classname="tests.test_angle_vs_height.TestPupilIncidentAngleVsHeight" name="test_get_trace_coordinates_axis_x[backend=numpy]" time="0.044" /><testcase classname="tests.test_angle_vs_height.TestPupilIncidentAngleVsHeight" name="test_get_trace_coordinates_axis_x[backend=torch]" time="0.051" /><testcase classname="tests.test_angle_vs_height.TestPupilIncidentAngleVsHeight" name="test_generate_data[backend=numpy]" time="0.036" /><testcase classname="tests.test_angle_vs_height.TestPupilIncidentAngleVsHeight" name="test_generate_data[backend=torch]" time="0.050" /><testcase classname="tests.test_angle_vs_height.TestPupilIncidentAngleVsHeight" name="test_view[backend=numpy]" time="0.108" /><testcase classname="tests.test_angle_vs_height.TestPupilIncidentAngleVsHeight" name="test_view[backend=torch]" time="0.406" /><testcase classname="tests.test_angle_vs_height.TestFieldIncidentAngleVsHeight" name="test_initialization[backend=numpy]" time="0.036" /><testcase classname="tests.test_angle_vs_height.TestFieldIncidentAngleVsHeight" name="test_initialization[backend=torch]" time="0.055" /><testcase classname="tests.test_angle_vs_height.TestFieldIncidentAngleVsHeight" name="test_get_trace_coordinates_axis_y[backend=numpy]" time="0.036" /><testcase classname="tests.test_angle_vs_height.TestFieldIncidentAngleVsHeight" name="test_get_trace_coordinates_axis_y[backend=torch]" time="0.089" /><testcase classname="tests.test_angle_vs_height.TestFieldIncidentAngleVsHeight" name="test_get_trace_coordinates_axis_x[backend=numpy]" time="0.058" /><testcase classname="tests.test_angle_vs_height.TestFieldIncidentAngleVsHeight" name="test_get_trace_coordinates_axis_x[backend=torch]" time="0.098" /><testcase classname="tests.test_angle_vs_height.TestFieldIncidentAngleVsHeight" name="test_generate_data[backend=numpy]" time="0.053" /><testcase classname="tests.test_angle_vs_height.TestFieldIncidentAngleVsHeight" name="test_generate_data[backend=torch]" time="0.068" /><testcase classname="tests.test_angle_vs_height.TestFieldIncidentAngleVsHeight" name="test_view[backend=numpy]" time="0.126" /><testcase classname="tests.test_angle_vs_height.TestFieldIncidentAngleVsHeight" name="test_view[backend=torch]" time="0.126" /><testcase classname="tests.test_angle_vs_height.TestAngleVsHeightErrors" name="test_invalid_coord_label_raises_error[backend=numpy]" time="0.046" /><testcase classname="tests.test_angle_vs_height.TestAngleVsHeightErrors" name="test_invalid_coord_label_raises_error[backend=torch]" time="0.053" /><testcase classname="tests.test_angle_vs_height.TestAngleVsHeightErrors" name="test_view_with_different_color_labels[backend=numpy]" time="0.105" /><testcase classname="tests.test_angle_vs_height.TestAngleVsHeightErrors" name="test_view_with_different_color_labels[backend=torch]" time="0.164" /><testcase classname="tests.test_aperture" name="test_aperture_generate[backend=numpy-EPD-10]" time="0.001" /><testcase classname="tests.test_aperture" name="test_aperture_generate[backend=numpy-imageFNO-3.2]" time="0.001" /><testcase classname="tests.test_aperture" name="test_aperture_generate[backend=numpy-objectNA-0.265]" time="0.001" /><testcase classname="tests.test_aperture" name="test_aperture_generate[backend=numpy-float_by_stop_size-1.142857]" time="0.001" /><testcase classname="tests.test_aperture" name="test_aperture_generate[backend=torch-EPD-10]" time="0.001" /><testcase classname="tests.test_aperture" name="test_aperture_generate[backend=torch-imageFNO-3.2]" time="0.001" /><testcase classname="tests.test_aperture" name="test_aperture_generate[backend=torch-objectNA-0.265]" time="0.001" /><testcase classname="tests.test_aperture" name="test_aperture_generate[backend=torch-float_by_stop_size-1.142857]" time="0.001" /><testcase classname="tests.test_aperture" name="test_confirm_invalid_ap_type[backend=numpy]" time="0.001" /><testcase classname="tests.test_aperture" name="test_confirm_invalid_ap_type[backend=torch]" time="0.001" /><testcase classname="tests.test_aperture" name="test_obj_space_telecentric[backend=numpy]" time="0.002" /><testcase classname="tests.test_aperture" name="test_obj_space_telecentric[backend=torch]" time="0.002" /><testcase classname="tests.test_aperture" name="test_to_dict[backend=numpy]" time="0.001" /><testcase classname="tests.test_aperture" name="test_to_dict[backend=torch]" time="0.001" /><testcase classname="tests.test_aperture" name="test_from_dict[backend=numpy]" time="0.001" /><testcase classname="tests.test_aperture" name="test_from_dict[backend=torch]" time="0.001" /><testcase classname="tests.test_aperture" name="test_invalid_from_dict[backend=numpy]" time="0.001" /><testcase classname="tests.test_aperture" name="test_invalid_from_dict[backend=torch]" time="0.001" /><testcase classname="tests.test_aperture" name="test_confirm_stop_size_floating_stop[backend=numpy]" time="0.021" /><testcase classname="tests.test_aperture" name="test_confirm_stop_size_floating_stop[backend=torch]" time="0.020" /><testcase classname="tests.test_apodization" name="test_uniform_apodization_get_intensity[backend=numpy]" time="0.001" /><testcase classname="tests.test_apodization" name="test_uniform_apodization_get_intensity[backend=torch]" time="0.001" /><testcase classname="tests.test_apodization" name="test_gaussian_apodization_get_intensity[backend=numpy]" time="0.001" /><testcase classname="tests.test_apodization" name="test_gaussian_apodization_get_intensity[backend=torch]" time="0.005" /><testcase classname="tests.test_apodization" name="test_apodization_to_dict_uniform[backend=numpy]" time="0.001" /><testcase classname="tests.test_apodization" name="test_apodization_to_dict_uniform[backend=torch]" time="0.001" /><testcase classname="tests.test_apodization" name="test_apodization_to_dict_gaussian[backend=numpy]" time="0.001" /><testcase classname="tests.test_apodization" name="test_apodization_to_dict_gaussian[backend=torch]" time="0.001" /><testcase classname="tests.test_apodization" name="test_apodization_from_dict_uniform[backend=numpy]" time="0.001" /><testcase classname="tests.test_apodization" name="test_apodization_from_dict_uniform[backend=torch]" time="0.001" /><testcase classname="tests.test_apodization" name="test_apodization_from_dict_gaussian[backend=numpy]" time="0.001" /><testcase classname="tests.test_apodization" name="test_apodization_from_dict_gaussian[backend=torch]" time="0.001" /><testcase classname="tests.test_apodization" name="test_apodization_from_dict_gaussian_default_sigma[backend=numpy]" time="0.001" /><testcase classname="tests.test_apodization" name="test_apodization_from_dict_gaussian_default_sigma[backend=torch]" time="0.001" /><testcase classname="tests.test_apodization" name="test_apodization_from_dict_unknown[backend=numpy]" time="0.001" /><testcase classname="tests.test_apodization" name="test_apodization_from_dict_unknown[backend=torch]" time="0.001" /><testcase classname="tests.test_apodization" name="test_set_apodization_uniform[backend=numpy]" time="0.042" /><testcase classname="tests.test_apodization" name="test_set_apodization_uniform[backend=torch]" time="0.037" /><testcase classname="tests.test_apodization" name="test_set_apodization_gaussian[backend=numpy]" time="0.033" /><testcase classname="tests.test_apodization" name="test_set_apodization_gaussian[backend=torch]" time="0.036" /><testcase classname="tests.test_apodization" name="test_set_apodization_invalid_type[backend=numpy]" time="0.034" /><testcase classname="tests.test_apodization" name="test_set_apodization_invalid_type[backend=torch]" time="0.035" /><testcase classname="tests.test_apodization" name="test_set_apodization_none[backend=numpy]" time="0.033" /><testcase classname="tests.test_apodization" name="test_set_apodization_none[backend=torch]" time="0.033" /><testcase classname="tests.test_apodization" name="test_trace_apodization[backend=numpy]" time="0.232" /><testcase classname="tests.test_apodization" name="test_trace_apodization[backend=torch]" time="0.392" /><testcase classname="tests.test_backend" name="test_default_backend" time="0.001" /><testcase classname="tests.test_backend" name="test_list_available_backends" time="0.001" /><testcase classname="tests.test_backend" name="test_invalid_backend" time="0.001" /><testcase classname="tests.test_backend" name="test_getattr_nonexistent_attribute" time="0.001" /><testcase classname="tests.test_backend" name="test_getattr_from_backend" time="0.001" /><testcase classname="tests.test_backend" name="test_getattr_from_backend_lib" time="0.001" /><testcase classname="tests.test_backend" name="test_getattr_fallback_priority" time="0.001" /><testcase classname="tests.test_backend" name="test_get_backend_after_set" time="0.001" /><testcase classname="tests.test_coatings.TestSimpleCoating" name="test_interact_reflect[backend=numpy]" time="0.001" /><testcase classname="tests.test_coatings.TestSimpleCoating" name="test_interact_reflect[backend=torch]" time="0.003" /><testcase classname="tests.test_coatings.TestSimpleCoating" name="test_interact_transmit[backend=numpy]" time="0.001" /><testcase classname="tests.test_coatings.TestSimpleCoating" name="test_interact_transmit[backend=torch]" time="0.001" /><testcase classname="tests.test_coatings.TestSimpleCoating" name="test_compute_aoi[backend=numpy]" time="0.001" /><testcase classname="tests.test_coatings.TestSimpleCoating" name="test_compute_aoi[backend=torch]" time="0.005" /><testcase classname="tests.test_coatings.TestSimpleCoating" name="test_to_dict[backend=numpy]" time="0.001" /><testcase classname="tests.test_coatings.TestSimpleCoating" name="test_to_dict[backend=torch]" time="0.001" /><testcase classname="tests.test_coatings.TestFresnelCoating" name="test_reflect[backend=numpy]" time="0.015" /><testcase classname="tests.test_coatings.TestFresnelCoating" name="test_reflect[backend=torch]" time="0.040" /><testcase classname="tests.test_coatings.TestFresnelCoating" name="test_transmit[backend=numpy]" time="0.005" /><testcase classname="tests.test_coatings.TestFresnelCoating" name="test_transmit[backend=torch]" time="0.003" /><testcase classname="tests.test_coatings.TestFresnelCoating" name="test_to_dict[backend=numpy]" time="0.001" /><testcase classname="tests.test_coatings.TestFresnelCoating" name="test_to_dict[backend=torch]" time="0.001" /><testcase classname="tests.test_coatings.TestFresnelCoating" name="test_from_dict[backend=numpy]" time="0.000" /><testcase classname="tests.test_coatings.TestFresnelCoating" name="test_from_dict[backend=torch]" time="0.003" /><testcase classname="tests.test_compensator" name="test_initialization_default" time="0.001" /><testcase classname="tests.test_compensator" name="test_initialization_custom" time="0.001" /><testcase classname="tests.test_compensator" name="test_has_variables" time="0.001" /><testcase classname="tests.test_compensator" name="test_run_optimizer_generic" time="0.072" /><testcase classname="tests.test_compensator" name="test_run_optimizer_least_squares" time="0.052" /><testcase classname="tests.test_compensator" name="test_invalid_method[backend=numpy]" time="0.001" /><testcase classname="tests.test_compensator" name="test_invalid_method[backend=torch]" time="0.002" /><testcase classname="tests.test_compensator" name="test_empty_variables_run" time="0.001" /><testcase classname="tests.test_compensator" name="test_tolerance_setting" time="0.001" /><testcase classname="tests.test_compensator" name="test_optimizer_map_content" time="0.001" /><testcase classname="tests.test_coordinate_system" name="test_coordinate_system_init[backend=numpy]" time="0.001" /><testcase classname="tests.test_coordinate_system" name="test_coordinate_system_init[backend=torch]" time="0.002" /><testcase classname="tests.test_coordinate_system" name="test_coordinate_system_localize[backend=numpy]" time="0.002" /><testcase classname="tests.test_coordinate_system" name="test_coordinate_system_localize[backend=torch]" time="0.005" /><testcase classname="tests.test_coordinate_system" name="test_coordinate_system_globalize[backend=numpy]" time="0.002" /><testcase classname="tests.test_coordinate_system" name="test_coordinate_system_globalize[backend=torch]" time="0.005" /><testcase classname="tests.test_coordinate_system" name="test_coordinate_system_transform[backend=numpy]" time="0.002" /><testcase classname="tests.test_coordinate_system" name="test_coordinate_system_transform[backend=torch]" time="0.006" /><testcase classname="tests.test_coordinate_system" name="test_coordinate_system_to_dict[backend=numpy]" time="0.001" /><testcase classname="tests.test_coordinate_system" name="test_coordinate_system_to_dict[backend=torch]" time="0.001" /><testcase classname="tests.test_coordinate_system" name="test_coordinate_system_from_dict[backend=numpy]" time="0.001" /><testcase classname="tests.test_coordinate_system" name="test_coordinate_system_from_dict[backend=torch]" time="0.001" /><testcase classname="tests.test_distribution" name="test_line_x[backend=numpy-10]" time="0.003" /><testcase classname="tests.test_distribution" name="test_line_x[backend=numpy-25]" time="0.002" /><testcase classname="tests.test_distribution" name="test_line_x[backend=numpy-106]" time="0.002" /><testcase classname="tests.test_distribution" name="test_line_x[backend=numpy-512]" time="0.002" /><testcase classname="tests.test_distribution" name="test_line_x[backend=torch-10]" time="0.002" /><testcase classname="tests.test_distribution" name="test_line_x[backend=torch-25]" time="0.006" /><testcase classname="tests.test_distribution" name="test_line_x[backend=torch-106]" time="0.008" /><testcase classname="tests.test_distribution" name="test_line_x[backend=torch-512]" time="0.002" /><testcase classname="tests.test_distribution" name="test_line_y[backend=numpy-9]" time="0.002" /><testcase classname="tests.test_distribution" name="test_line_y[backend=numpy-60]" time="0.002" /><testcase classname="tests.test_distribution" name="test_line_y[backend=numpy-111]" time="0.002" /><testcase classname="tests.test_distribution" name="test_line_y[backend=numpy-509]" time="0.002" /><testcase classname="tests.test_distribution" name="test_line_y[backend=torch-9]" time="0.002" /><testcase classname="tests.test_distribution" name="test_line_y[backend=torch-60]" time="0.002" /><testcase classname="tests.test_distribution" name="test_line_y[backend=torch-111]" time="0.002" /><testcase classname="tests.test_distribution" name="test_line_y[backend=torch-509]" time="0.002" /><testcase classname="tests.test_distribution" name="test_random[backend=numpy-8]" time="0.001" /><testcase classname="tests.test_distribution" name="test_random[backend=numpy-26]" time="0.004" /><testcase classname="tests.test_distribution" name="test_random[backend=numpy-154]" time="0.002" /><testcase classname="tests.test_distribution" name="test_random[backend=numpy-689]" time="0.002" /><testcase classname="tests.test_distribution" name="test_random[backend=torch-8]" time="0.002" /><testcase classname="tests.test_distribution" name="test_random[backend=torch-26]" time="0.002" /><testcase classname="tests.test_distribution" name="test_random[backend=torch-154]" time="0.002" /><testcase classname="tests.test_distribution" name="test_random[backend=torch-689]" time="0.007" /><testcase classname="tests.test_distribution" name="test_hexapolar[backend=numpy-3]" time="0.002" /><testcase classname="tests.test_distribution" name="test_hexapolar[backend=numpy-7]" time="0.002" /><testcase classname="tests.test_distribution" name="test_hexapolar[backend=numpy-15]" time="0.003" /><testcase classname="tests.test_distribution" name="test_hexapolar[backend=numpy-220]" time="0.118" /><testcase classname="tests.test_distribution" name="test_hexapolar[backend=torch-3]" time="0.002" /><testcase classname="tests.test_distribution" name="test_hexapolar[backend=torch-7]" time="0.002" /><testcase classname="tests.test_distribution" name="test_hexapolar[backend=torch-15]" time="0.009" /><testcase classname="tests.test_distribution" name="test_hexapolar[backend=torch-220]" time="0.124" /><testcase classname="tests.test_distribution" name="test_cross[backend=numpy-15]" time="0.001" /><testcase classname="tests.test_distribution" name="test_cross[backend=numpy-56]" time="0.001" /><testcase classname="tests.test_distribution" name="test_cross[backend=numpy-161]" time="0.002" /><testcase classname="tests.test_distribution" name="test_cross[backend=numpy-621]" time="0.001" /><testcase classname="tests.test_distribution" name="test_cross[backend=torch-15]" time="0.001" /><testcase classname="tests.test_distribution" name="test_cross[backend=torch-56]" time="0.001" /><testcase classname="tests.test_distribution" name="test_cross[backend=torch-161]" time="0.002" /><testcase classname="tests.test_distribution" name="test_cross[backend=torch-621]" time="0.001" /><testcase classname="tests.test_distribution" name="test_view_distribution[backend=numpy]" time="0.010" /><testcase classname="tests.test_distribution" name="test_view_distribution[backend=torch]" time="0.007" /><testcase classname="tests.test_distribution" name="test_invalid_distribution_error[backend=numpy]" time="0.001" /><testcase classname="tests.test_distribution" name="test_invalid_distribution_error[backend=torch]" time="0.001" /><testcase classname="tests.test_distribution" name="test_uniform_distribution[backend=numpy-10]" time="0.001" /><testcase classname="tests.test_distribution" name="test_uniform_distribution[backend=numpy-25]" time="0.001" /><testcase classname="tests.test_distribution" name="test_uniform_distribution[backend=numpy-50]" time="0.001" /><testcase classname="tests.test_distribution" name="test_uniform_distribution[backend=numpy-100]" time="0.001" /><testcase classname="tests.test_distribution" name="test_uniform_distribution[backend=torch-10]" time="0.001" /><testcase classname="tests.test_distribution" name="test_uniform_distribution[backend=torch-25]" time="0.001" /><testcase classname="tests.test_distribution" name="test_uniform_distribution[backend=torch-50]" time="0.001" /><testcase classname="tests.test_distribution" name="test_uniform_distribution[backend=torch-100]" time="0.005" /><testcase classname="tests.test_distribution" name="test_gaussian_quad_distribution[backend=numpy]" time="0.002" /><testcase classname="tests.test_distribution" name="test_gaussian_quad_distribution[backend=torch]" time="0.006" /><testcase classname="tests.test_distribution" name="test_gaussian_quad_distribution_errors[backend=numpy]" time="0.001" /><testcase classname="tests.test_distribution" name="test_gaussian_quad_distribution_errors[backend=torch]" time="0.001" /><testcase classname="tests.test_distribution" name="test_gaussian_quad_weights[backend=numpy]" time="0.002" /><testcase classname="tests.test_distribution" name="test_gaussian_quad_weights[backend=torch]" time="0.003" /><testcase classname="tests.test_distribution_points.TestDistributionPoints" name="test_cross_distribution_odd_points[numpy]" time="0.002" /><testcase classname="tests.test_distribution_points.TestDistributionPoints" name="test_cross_distribution_odd_points[torch]" time="0.001" /><testcase classname="tests.test_distribution_points.TestDistributionPoints" name="test_cross_distribution_even_points[numpy]" time="0.001" /><testcase classname="tests.test_distribution_points.TestDistributionPoints" name="test_cross_distribution_even_points[torch]" time="0.001" /><testcase classname="tests.test_distribution_points.TestDistributionPoints" name="test_hexagonal_distribution[0-numpy]" time="0.002" /><testcase classname="tests.test_distribution_points.TestDistributionPoints" name="test_hexagonal_distribution[0-torch]" time="0.002" /><testcase classname="tests.test_distribution_points.TestDistributionPoints" name="test_hexagonal_distribution[1-numpy]" time="0.001" /><testcase classname="tests.test_distribution_points.TestDistributionPoints" name="test_hexagonal_distribution[1-torch]" time="0.001" /><testcase classname="tests.test_distribution_points.TestDistributionPoints" name="test_hexagonal_distribution[2-numpy]" time="0.001" /><testcase classname="tests.test_distribution_points.TestDistributionPoints" name="test_hexagonal_distribution[2-torch]" time="0.002" /><testcase classname="tests.test_distribution_points.TestDistributionPoints" name="test_hexagonal_distribution[3-numpy]" time="0.001" /><testcase classname="tests.test_distribution_points.TestDistributionPoints" name="test_hexagonal_distribution[3-torch]" time="0.002" /><testcase classname="tests.test_distribution_points.TestDistributionPoints" name="test_random_distribution[numpy]" time="0.001" /><testcase classname="tests.test_distribution_points.TestDistributionPoints" name="test_random_distribution[torch]" time="0.001" /><testcase classname="tests.test_distribution_points.TestDistributionPoints" name="test_uniform_distribution[numpy]" time="0.001" /><testcase classname="tests.test_distribution_points.TestDistributionPoints" name="test_uniform_distribution[torch]" time="0.002" /><testcase classname="tests.test_distribution_points.TestDistributionPoints" name="test_ring_distribution[numpy]" time="0.001" /><testcase classname="tests.test_distribution_points.TestDistributionPoints" name="test_ring_distribution[torch]" time="0.001" /><testcase classname="tests.test_distribution_points.TestDistributionPoints" name="test_line_x_distribution[numpy]" time="0.001" /><testcase classname="tests.test_distribution_points.TestDistributionPoints" name="test_line_x_distribution[torch]" time="0.001" /><testcase classname="tests.test_distribution_points.TestDistributionPoints" name="test_line_y_distribution[numpy]" time="0.001" /><testcase classname="tests.test_distribution_points.TestDistributionPoints" name="test_line_y_distribution[torch]" time="0.001" /><testcase classname="tests.test_distribution_points.TestDistributionPoints" name="test_gaussian_quadrature_distribution[True-1-numpy]" time="0.001" /><testcase classname="tests.test_distribution_points.TestDistributionPoints" name="test_gaussian_quadrature_distribution[True-1-torch]" time="0.002" /><testcase classname="tests.test_distribution_points.TestDistributionPoints" name="test_gaussian_quadrature_distribution[True-3-numpy]" time="0.001" /><testcase classname="tests.test_distribution_points.TestDistributionPoints" name="test_gaussian_quadrature_distribution[True-3-torch]" time="0.001" /><testcase classname="tests.test_distribution_points.TestDistributionPoints" name="test_gaussian_quadrature_distribution[True-5-numpy]" time="0.001" /><testcase classname="tests.test_distribution_points.TestDistributionPoints" name="test_gaussian_quadrature_distribution[True-5-torch]" time="0.003" /><testcase classname="tests.test_distribution_points.TestDistributionPoints" name="test_gaussian_quadrature_distribution[False-1-numpy]" time="0.001" /><testcase classname="tests.test_distribution_points.TestDistributionPoints" name="test_gaussian_quadrature_distribution[False-1-torch]" time="0.002" /><testcase classname="tests.test_distribution_points.TestDistributionPoints" name="test_gaussian_quadrature_distribution[False-3-numpy]" time="0.001" /><testcase classname="tests.test_distribution_points.TestDistributionPoints" name="test_gaussian_quadrature_distribution[False-3-torch]" time="0.001" /><testcase classname="tests.test_distribution_points.TestDistributionPoints" name="test_gaussian_quadrature_distribution[False-5-numpy]" time="0.001" /><testcase classname="tests.test_distribution_points.TestDistributionPoints" name="test_gaussian_quadrature_distribution[False-5-torch]" time="0.001" /><testcase classname="tests.test_distribution_points.TestDistributionPoints" name="test_cross_distribution_zero_points[numpy]" time="0.001" /><testcase classname="tests.test_distribution_points.TestDistributionPoints" name="test_cross_distribution_zero_points[torch]" time="0.001" /><testcase classname="tests.test_distribution_points.TestDistributionPoints" name="test_hexagonal_distribution_negative_rings[numpy]" time="0.001" /><testcase classname="tests.test_distribution_points.TestDistributionPoints" name="test_hexagonal_distribution_negative_rings[torch]" time="0.001" /><testcase classname="tests.test_distribution_points.TestDistributionPoints" name="test_ring_distribution_zero_points[numpy]" time="0.001" /><testcase classname="tests.test_distribution_points.TestDistributionPoints" name="test_ring_distribution_zero_points[torch]" time="0.001" /><testcase classname="tests.test_fft_psf" name="test_initialization[backend=numpy]" time="0.203" /><testcase classname="tests.test_fft_psf" name="test_initialization[backend=torch]" time="0.266" /><testcase classname="tests.test_fft_psf" name="test_calculate_grid_size[32-32]" time="0.001" /><testcase classname="tests.test_fft_psf" name="test_calculate_grid_size[64-45]" time="0.001" /><testcase classname="tests.test_fft_psf" name="test_calculate_grid_size[128-64]" time="0.001" /><testcase classname="tests.test_fft_psf" name="test_calculate_grid_size[256-90]" time="0.001" /><testcase classname="tests.test_fft_psf" name="test_calculate_grid_size[512-128]" time="0.001" /><testcase classname="tests.test_fft_psf" name="test_calculate_grid_size[1024-181]" time="0.001" /><testcase classname="tests.test_fft_psf" name="test_calculate_grid_size[2048-256]" time="0.001" /><testcase classname="tests.test_fft_psf" name="test_calculate_grid_size[4096-362]" time="0.001" /><testcase classname="tests.test_fft_psf" name="test_calculate_grid_size[8192-512]" time="0.001" /><testcase classname="tests.test_fft_psf" name="test_num_rays_and_grid_size[backend=numpy-32-32]" time="0.061" /><testcase classname="tests.test_fft_psf" name="test_num_rays_and_grid_size[backend=numpy-64-45]" time="0.062" /><testcase classname="tests.test_fft_psf" name="test_num_rays_and_grid_size[backend=numpy-128-64]" time="0.096" /><testcase classname="tests.test_fft_psf" name="test_num_rays_and_grid_size[backend=numpy-256-90]" time="0.125" /><testcase classname="tests.test_fft_psf" name="test_num_rays_and_grid_size[backend=numpy-1024-181]" time="0.551" /><testcase classname="tests.test_fft_psf" name="test_num_rays_and_grid_size[backend=torch-32-32]" time="0.129" /><testcase classname="tests.test_fft_psf" name="test_num_rays_and_grid_size[backend=torch-64-45]" time="0.140" /><testcase classname="tests.test_fft_psf" name="test_num_rays_and_grid_size[backend=torch-128-64]" time="0.193" /><testcase classname="tests.test_fft_psf" name="test_num_rays_and_grid_size[backend=torch-256-90]" time="0.190" /><testcase classname="tests.test_fft_psf" name="test_num_rays_and_grid_size[backend=torch-1024-181]" time="0.330" /><testcase classname="tests.test_fft_psf" name="test_num_rays_below_32[backend=numpy-32-None-expectation0]" time="0.058" /><testcase classname="tests.test_fft_psf" name="test_num_rays_below_32[backend=numpy-64-None-expectation1]" time="0.052" /><testcase classname="tests.test_fft_psf" name="test_num_rays_below_32[backend=numpy-12-16-expectation2]" time="0.052" /><testcase classname="tests.test_fft_psf" name="test_num_rays_below_32[backend=numpy-16-None-expectation3]" time="0.038" /><testcase classname="tests.test_fft_psf" name="test_num_rays_below_32[backend=torch-32-None-expectation0]" time="0.107" /><testcase classname="tests.test_fft_psf" name="test_num_rays_below_32[backend=torch-64-None-expectation1]" time="0.166" /><testcase classname="tests.test_fft_psf" name="test_num_rays_below_32[backend=torch-12-16-expectation2]" time="0.106" /><testcase classname="tests.test_fft_psf" name="test_num_rays_below_32[backend=torch-16-None-expectation3]" time="0.031" /><testcase classname="tests.test_fft_psf" name="test_grid_size[backend=numpy-64-128]" time="0.058" /><testcase classname="tests.test_fft_psf" name="test_grid_size[backend=numpy-65-256]" time="0.061" /><testcase classname="tests.test_fft_psf" name="test_grid_size[backend=numpy-64-257]" time="0.069" /><testcase classname="tests.test_fft_psf" name="test_grid_size[backend=torch-64-128]" time="0.183" /><testcase classname="tests.test_fft_psf" name="test_grid_size[backend=torch-65-256]" time="0.163" /><testcase classname="tests.test_fft_psf" name="test_grid_size[backend=torch-64-257]" time="0.162" /><testcase classname="tests.test_fft_psf" name="test_invalid_grid_size[backend=numpy]" time="0.032" /><testcase classname="tests.test_fft_psf" name="test_invalid_grid_size[backend=torch]" time="0.055" /><testcase classname="tests.test_fft_psf" name="test_strehl_ratio[backend=numpy]" time="0.102" /><testcase classname="tests.test_fft_psf" name="test_strehl_ratio[backend=torch]" time="0.163" /><testcase classname="tests.test_fft_psf" name="test_view[backend=numpy-2d-False]" time="0.127" /><testcase classname="tests.test_fft_psf" name="test_view[backend=numpy-3d-False]" time="0.183" /><testcase classname="tests.test_fft_psf" name="test_view[backend=numpy-2d-True]" time="0.198" /><testcase classname="tests.test_fft_psf" name="test_view[backend=numpy-3d-True]" time="0.264" /><testcase classname="tests.test_fft_psf" name="test_view[backend=torch-2d-False]" time="0.241" /><testcase classname="tests.test_fft_psf" name="test_view[backend=torch-3d-False]" time="0.309" /><testcase classname="tests.test_fft_psf" name="test_view[backend=torch-2d-True]" time="0.258" /><testcase classname="tests.test_fft_psf" name="test_view[backend=torch-3d-True]" time="0.292" /><testcase classname="tests.test_fft_psf" name="test_find_bounds[backend=numpy]" time="0.122" /><testcase classname="tests.test_fft_psf" name="test_find_bounds[backend=torch]" time="0.198" /><testcase classname="tests.test_fft_psf" name="test_view_invalid_projection[backend=numpy]" time="0.317" /><testcase classname="tests.test_fft_psf" name="test_view_invalid_projection[backend=torch]" time="0.264" /><testcase classname="tests.test_fft_psf" name="test_view_annotate_sampling[backend=numpy-2d]" time="0.128" /><testcase classname="tests.test_fft_psf" name="test_view_annotate_sampling[backend=numpy-3d]" time="0.209" /><testcase classname="tests.test_fft_psf" name="test_view_annotate_sampling[backend=torch-2d]" time="0.267" /><testcase classname="tests.test_fft_psf" name="test_view_annotate_sampling[backend=torch-3d]" time="0.288" /><testcase classname="tests.test_fft_psf" name="test_view_oversampling[backend=numpy-2d]" time="0.112" /><testcase classname="tests.test_fft_psf" name="test_view_oversampling[backend=numpy-3d]" time="0.163" /><testcase classname="tests.test_fft_psf" name="test_view_oversampling[backend=torch-2d]" time="0.201" /><testcase classname="tests.test_fft_psf" name="test_view_oversampling[backend=torch-3d]" time="0.281" /><testcase classname="tests.test_fft_psf" name="test_get_units_finite_obj[backend=numpy]" time="0.122" /><testcase classname="tests.test_fft_psf" name="test_get_units_finite_obj[backend=torch]" time="0.211" /><testcase classname="tests.test_fft_psf" name="test_psf_log_tick_formatter[backend=numpy]" time="0.086" /><testcase classname="tests.test_fft_psf" name="test_psf_log_tick_formatter[backend=torch]" time="0.200" /><testcase classname="tests.test_fft_psf" name="test_invalid_working_FNO[backend=numpy]" time="0.113" /><testcase classname="tests.test_fft_psf" name="test_invalid_working_FNO[backend=torch]" time="0.206" /><testcase classname="tests.test_fft_psf" name="test_interpolate_zoom_factor_one[backend=numpy]" time="0.095" /><testcase classname="tests.test_fft_psf" name="test_interpolate_zoom_factor_one[backend=torch]" time="0.192" /><testcase classname="tests.test_fft_psf" name="test_large_threshold[backend=numpy]" time="0.114" /><testcase classname="tests.test_fft_psf" name="test_large_threshold[backend=torch]" time="0.236" /><testcase classname="tests.test_field_types" name="test_paraxial_image_height_infinite_object[backend=numpy]" time="0.017" /><testcase classname="tests.test_field_types" name="test_paraxial_image_height_infinite_object[backend=torch]" time="0.026" /><testcase classname="tests.test_field_types" name="test_paraxial_image_height_finite_object[backend=numpy]" time="0.035" /><testcase classname="tests.test_field_types" name="test_paraxial_image_height_finite_object[backend=torch]" time="0.016" /><testcase classname="tests.test_field_types" name="test_field_definition_to_dict[backend=numpy]" time="0.001" /><testcase classname="tests.test_field_types" name="test_field_definition_to_dict[backend=torch]" time="0.001" /><testcase classname="tests.test_field_types" name="test_field_definition_from_dict[backend=numpy]" time="0.001" /><testcase classname="tests.test_field_types" name="test_field_definition_from_dict[backend=torch]" time="0.001" /><testcase classname="tests.test_field_types" name="test_paraxial_image_height_cooke_triplet[backend=numpy]" time="0.048" /><testcase classname="tests.test_field_types" name="test_paraxial_image_height_cooke_triplet[backend=torch]" time="0.058" /><testcase classname="tests.test_field_types" name="test_paraxial_get_ray_origins[backend=numpy]" time="0.070" /><testcase classname="tests.test_field_types" name="test_paraxial_get_ray_origins[backend=torch]" time="0.074" /><testcase classname="tests.test_field_types" name="test_get_paraxial_object_position[backend=numpy]" time="0.060" /><testcase classname="tests.test_field_types" name="test_get_paraxial_object_position[backend=torch]" time="0.081" /><testcase classname="tests.test_field_types" name="test_get_starting_z_offset[backend=numpy]" time="0.035" /><testcase classname="tests.test_field_types" name="test_get_starting_z_offset[backend=torch]" time="0.036" /><testcase classname="tests.test_fields" name="test_field[backend=numpy-0-0]" time="0.001" /><testcase classname="tests.test_fields" name="test_field[backend=numpy-5.3-8.5]" time="0.001" /><testcase classname="tests.test_fields" name="test_field[backend=numpy-0-4.2]" time="0.000" /><testcase classname="tests.test_fields" name="test_field[backend=torch-0-0]" time="0.001" /><testcase classname="tests.test_fields" name="test_field[backend=torch-5.3-8.5]" time="0.001" /><testcase classname="tests.test_fields" name="test_field[backend=torch-0-4.2]" time="0.001" /><testcase classname="tests.test_fields" name="test_field_group_inputs[backend=numpy]" time="0.001" /><testcase classname="tests.test_fields" name="test_field_group_inputs[backend=torch]" time="0.001" /><testcase classname="tests.test_fields" name="test_field_group_getters[backend=numpy]" time="0.001" /><testcase classname="tests.test_fields" name="test_field_group_getters[backend=torch]" time="0.002" /><testcase classname="tests.test_fields" name="test_field_group_get_vig_factor[backend=numpy]" time="0.002" /><testcase classname="tests.test_fields" name="test_field_group_get_vig_factor[backend=torch]" time="0.001" /><testcase classname="tests.test_fields" name="test_field_group_telecentric[backend=numpy]" time="0.001" /><testcase classname="tests.test_fields" name="test_field_group_telecentric[backend=torch]" time="0.001" /><testcase classname="tests.test_fields" name="test_field_to_dict[backend=numpy]" time="0.001" /><testcase classname="tests.test_fields" name="test_field_to_dict[backend=torch]" time="0.001" /><testcase classname="tests.test_fields" name="test_field_group_to_dict[backend=numpy]" time="0.001" /><testcase classname="tests.test_fields" name="test_field_group_to_dict[backend=torch]" time="0.002" /><testcase classname="tests.test_fields" name="test_field_from_dict[backend=numpy]" time="0.001" /><testcase classname="tests.test_fields" name="test_field_from_dict[backend=torch]" time="0.001" /><testcase classname="tests.test_fields" name="test_field_group_from_dict[backend=numpy]" time="0.001" /><testcase classname="tests.test_fields" name="test_field_group_from_dict[backend=torch]" time="0.001" /><testcase classname="tests.test_fileio.TestZemaxFileSourceHandler" name="test_is_url" time="0.001" /><testcase classname="tests.test_fileio.TestZemaxFileSourceHandler" name="test_is_not_url" time="0.000" /><testcase classname="tests.test_fileio.TestZemaxFileSourceHandler" name="test_get_local_file_url" time="0.010" /><testcase classname="tests.test_fileio.TestZemaxFileSourceHandler" name="test_get_local_file_url_fail" time="0.002" /><testcase classname="tests.test_fileio.TestZemaxFileSourceHandler" name="test_get_local_file_local_path" time="0.001" /><testcase classname="tests.test_fileio.TestZemaxDataParser" name="test_read_fno" time="0.001" /><testcase classname="tests.test_fileio.TestZemaxDataParser" name="test_read_epd" time="0.001" /><testcase classname="tests.test_fileio.TestZemaxDataParser" name="test_read_object_na" time="0.000" /><testcase classname="tests.test_fileio.TestZemaxDataParser" name="test_read_conic" time="0.001" /><testcase classname="tests.test_fileio.TestZemaxDataParser" name="test_read_glass" time="0.013" /><testcase classname="tests.test_fileio.TestZemaxDataParser" name="test_read_stop" time="0.001" /><testcase classname="tests.test_fileio.TestZemaxDataParser" name="test_read_mode_v
[...]
ssname="tests.test_wavefront.TestZernikeOPD" name="test_zernike_opd_rms[backend=torch]" time="0.188" /><testcase classname="tests.test_wavefront.TestZernikeOPD" name="test_zernike_opd_fit[backend=numpy]" time="0.067" /><testcase classname="tests.test_wavefront.TestZernikeOPD" name="test_zernike_opd_fit[backend=torch]" time="0.119" /><testcase classname="tests.test_wavefront.TestZernikeOPD" name="test_zernike_xy_symmetry[backend=numpy]" time="0.073" /><testcase classname="tests.test_wavefront.TestZernikeOPD" name="test_zernike_xy_symmetry[backend=torch]" time="0.323" /><testcase classname="tests.test_wavefront.TestZernikeOPD" name="test_zernike_xy_axis_swap[backend=numpy]" time="0.260" /><testcase classname="tests.test_wavefront.TestZernikeOPD" name="test_zernike_xy_axis_swap[backend=torch]" time="0.602" /><testcase classname="tests.test_wavefront_strategy.TestReferenceStrategy" name="test_init" time="0.157" /><testcase classname="tests.test_wavefront_strategy.TestReferenceStrategy" name="test_opd_image_to_xp[backend=numpy]" time="0.183" /><testcase classname="tests.test_wavefront_strategy.TestReferenceStrategy" name="test_opd_image_to_xp[backend=torch]" time="0.235" /><testcase classname="tests.test_wavefront_strategy.TestReferenceStrategy" name="test_opd_image_to_xp_negative_t[backend=numpy]" time="0.279" /><testcase classname="tests.test_wavefront_strategy.TestReferenceStrategy" name="test_opd_image_to_xp_negative_t[backend=torch]" time="0.195" /><testcase classname="tests.test_wavefront_strategy.TestReferenceStrategy" name="test_correct_tilt_angle_field[backend=numpy]" time="0.189" /><testcase classname="tests.test_wavefront_strategy.TestReferenceStrategy" name="test_correct_tilt_angle_field[backend=torch]" time="0.279" /><testcase classname="tests.test_wavefront_strategy.TestReferenceStrategy" name="test_correct_tilt_object_height_field[backend=numpy]" time="0.169" /><testcase classname="tests.test_wavefront_strategy.TestReferenceStrategy" name="test_correct_tilt_object_height_field[backend=torch]" time="0.163" /><testcase classname="tests.test_wavefront_strategy.TestReferenceStrategy" name="test_correct_tilt_with_custom_coords[backend=numpy]" time="0.166" /><testcase classname="tests.test_wavefront_strategy.TestReferenceStrategy" name="test_correct_tilt_with_custom_coords[backend=torch]" time="0.179" /><testcase classname="tests.test_wavefront_strategy.TestChiefRayStrategy" name="test_calculate_sphere_from_chief_ray[backend=numpy]" time="0.165" /><testcase classname="tests.test_wavefront_strategy.TestChiefRayStrategy" name="test_calculate_sphere_from_chief_ray[backend=torch]" time="0.177" /><testcase classname="tests.test_wavefront_strategy.TestChiefRayStrategy" name="test_calculate_sphere_from_chief_ray_error[backend=numpy]" time="0.122" /><testcase classname="tests.test_wavefront_strategy.TestChiefRayStrategy" name="test_calculate_sphere_from_chief_ray_error[backend=torch]" time="0.105" /><testcase classname="tests.test_wavefront_strategy.TestChiefRayStrategy" name="test_compute_wavefront_data[backend=numpy]" time="0.121" /><testcase classname="tests.test_wavefront_strategy.TestChiefRayStrategy" name="test_compute_wavefront_data[backend=torch]" time="0.328" /><testcase classname="tests.test_wavefront_strategy.TestCentroidReferenceSphereStrategy" name="test_points_from_rays[backend=numpy]" time="0.110" /><testcase classname="tests.test_wavefront_strategy.TestCentroidReferenceSphereStrategy" name="test_points_from_rays[backend=torch]" time="0.115" /><testcase classname="tests.test_wavefront_strategy.TestCentroidReferenceSphereStrategy" name="test_points_from_rays_with_invalid[backend=numpy]" time="0.117" /><testcase classname="tests.test_wavefront_strategy.TestCentroidReferenceSphereStrategy" name="test_points_from_rays_with_invalid[backend=torch]" time="0.109" /><testcase classname="tests.test_wavefront_strategy.TestCentroidReferenceSphereStrategy" name="test_points_from_rays_no_valid[backend=numpy]" time="0.096" /><testcase classname="tests.test_wavefront_strategy.TestCentroidReferenceSphereStrategy" name="test_points_from_rays_no_valid[backend=torch]" time="0.090" /><testcase classname="tests.test_wavefront_strategy.TestCentroidReferenceSphereStrategy" name="test_calculate_reference_sphere[backend=numpy]" time="0.089" /><testcase classname="tests.test_wavefront_strategy.TestCentroidReferenceSphereStrategy" name="test_calculate_reference_sphere[backend=torch]" time="0.159" /><testcase classname="tests.test_wavefront_strategy.TestCentroidReferenceSphereStrategy" name="test_calculate_reference_sphere_no_trim[backend=numpy]" time="0.091" /><testcase classname="tests.test_wavefront_strategy.TestCentroidReferenceSphereStrategy" name="test_calculate_reference_sphere_no_trim[backend=torch]" time="0.154" /><testcase classname="tests.test_wavefront_strategy.TestCentroidReferenceSphereStrategy" name="test_compute_wavefront_data[backend=numpy]" time="0.142" /><testcase classname="tests.test_wavefront_strategy.TestCentroidReferenceSphereStrategy" name="test_compute_wavefront_data[backend=torch]" time="0.216" /><testcase classname="tests.test_wavefront_strategy" name="test_create_strategy[backend=numpy]" time="0.095" /><testcase classname="tests.test_wavefront_strategy" name="test_create_strategy[backend=torch]" time="0.104" /><testcase classname="tests.test_wavefront_strategy.TestBestFitSphereStrategy" name="test_strategy_compare_at_best_focus[backend=numpy]" time="0.182" /><testcase classname="tests.test_wavefront_strategy.TestBestFitSphereStrategy" name="test_strategy_compare_at_best_focus[backend=torch]" time="0.260" /><testcase classname="tests.test_wavelength.TestWavelengths" name="test_wavelength_initialization[backend=numpy]" time="0.001" /><testcase classname="tests.test_wavelength.TestWavelengths" name="test_wavelength_initialization[backend=torch]" time="0.001" /><testcase classname="tests.test_wavelength.TestWavelengths" name="test_wavelength_conversion[backend=numpy]" time="0.001" /><testcase classname="tests.test_wavelength.TestWavelengths" name="test_wavelength_conversion[backend=torch]" time="0.001" /><testcase classname="tests.test_wavelength.TestWavelengths" name="test_invalid_unit[backend=numpy]" time="0.001" /><testcase classname="tests.test_wavelength.TestWavelengths" name="test_invalid_unit[backend=torch]" time="0.001" /><testcase classname="tests.test_wavelength.TestWavelengths" name="test_unit_setter[backend=numpy]" time="0.001" /><testcase classname="tests.test_wavelength.TestWavelengths" name="test_unit_setter[backend=torch]" time="0.001" /><testcase classname="tests.test_wavelength.TestWavelengths" name="test_to_dict[backend=numpy]" time="0.001" /><testcase classname="tests.test_wavelength.TestWavelengths" name="test_to_dict[backend=torch]" time="0.001" /><testcase classname="tests.test_wavelength.TestWavelengths" name="test_from_dict[backend=numpy]" time="0.001" /><testcase classname="tests.test_wavelength.TestWavelengths" name="test_from_dict[backend=torch]" time="0.001" /><testcase classname="tests.test_wavelength.TestWavelengths" name="test_from_dict_default_weight[backend=numpy]" time="0.001" /><testcase classname="tests.test_wavelength.TestWavelengths" name="test_from_dict_default_weight[backend=torch]" time="0.001" /><testcase classname="tests.test_wavelength.TestWavelengths" name="test_is_primary[backend=numpy]" time="0.001" /><testcase classname="tests.test_wavelength.TestWavelengths" name="test_is_primary[backend=torch]" time="0.001" /><testcase classname="tests.test_wavelength.TestWavelengths" name="test_is_not_primary[backend=numpy]" time="0.001" /><testcase classname="tests.test_wavelength.TestWavelengths" name="test_is_not_primary[backend=torch]" time="0.001" /><testcase classname="tests.test_wavelength.TestWavelengths" name="test_is_primary_default[backend=numpy]" time="0.001" /><testcase classname="tests.test_wavelength.TestWavelengths" name="test_is_primary_default[backend=torch]" time="0.001" /><testcase classname="tests.test_wavelength.TestWavelengths" name="test_wavelength_initialization_with_weight[backend=numpy]" time="0.001" /><testcase classname="tests.test_wavelength.TestWavelengths" name="test_wavelength_initialization_with_weight[backend=torch]" time="0.001" /><testcase classname="tests.test_wavelength.TestWavelengths" name="test_wavelength_default_weight[backend=numpy]" time="0.001" /><testcase classname="tests.test_wavelength.TestWavelengths" name="test_wavelength_default_weight[backend=torch]" time="0.001" /><testcase classname="tests.test_wavelength.TestWavelengthGroups" name="test_add_wavelength[backend=numpy]" time="0.001" /><testcase classname="tests.test_wavelength.TestWavelengthGroups" name="test_add_wavelength[backend=torch]" time="0.001" /><testcase classname="tests.test_wavelength.TestWavelengthGroups" name="test_primary_wavelength[backend=numpy]" time="0.000" /><testcase classname="tests.test_wavelength.TestWavelengthGroups" name="test_primary_wavelength[backend=torch]" time="0.001" /><testcase classname="tests.test_wavelength.TestWavelengthGroups" name="test_multiple_wavelengths[backend=numpy]" time="0.001" /><testcase classname="tests.test_wavelength.TestWavelengthGroups" name="test_multiple_wavelengths[backend=torch]" time="0.001" /><testcase classname="tests.test_wavelength.TestWavelengthGroups" name="test_get_wavelengths[backend=numpy]" time="0.001" /><testcase classname="tests.test_wavelength.TestWavelengthGroups" name="test_get_wavelengths[backend=torch]" time="0.001" /><testcase classname="tests.test_wavelength.TestWavelengthGroups" name="test_to_dict[backend=numpy]" time="0.001" /><testcase classname="tests.test_wavelength.TestWavelengthGroups" name="test_to_dict[backend=torch]" time="0.001" /><testcase classname="tests.test_wavelength.TestWavelengthGroups" name="test_from_dict[backend=numpy]" time="0.001" /><testcase classname="tests.test_wavelength.TestWavelengthGroups" name="test_from_dict[backend=torch]" time="0.001" /><testcase classname="tests.test_wavelength.TestWavelengthGroups" name="test_from_dict_invalid_key[backend=numpy]" time="0.001" /><testcase classname="tests.test_wavelength.TestWavelengthGroups" name="test_from_dict_invalid_key[backend=torch]" time="0.001" /><testcase classname="tests.test_wavelength.TestWavelengthGroups" name="test_wavelengthgroup_weights_property[backend=numpy]" time="0.001" /><testcase classname="tests.test_wavelength.TestWavelengthGroups" name="test_wavelengthgroup_weights_property[backend=torch]" time="0.002" /><testcase classname="tests.test_wavelength.TestWavelengthGroups" name="test_add_wavelengths[backend=numpy]" time="0.003" /><testcase classname="tests.test_wavelength.TestWavelengthGroups" name="test_add_wavelengths[backend=torch]" time="0.013" /><testcase classname="tests.test_zernike.TestZernikeStandard" name="test_get_term[backend=numpy]" time="0.001" /><testcase classname="tests.test_zernike.TestZernikeStandard" name="test_get_term[backend=torch]" time="0.001" /><testcase classname="tests.test_zernike.TestZernikeStandard" name="test_terms[backend=numpy]" time="0.002" /><testcase classname="tests.test_zernike.TestZernikeStandard" name="test_terms[backend=torch]" time="0.011" /><testcase classname="tests.test_zernike.TestZernikeStandard" name="test_poly[backend=numpy]" time="0.001" /><testcase classname="tests.test_zernike.TestZernikeStandard" name="test_poly[backend=torch]" time="0.009" /><testcase classname="tests.test_zernike.TestZernikeStandard" name="test_radial_term[backend=numpy]" time="0.001" /><testcase classname="tests.test_zernike.TestZernikeStandard" name="test_radial_term[backend=torch]" time="0.002" /><testcase classname="tests.test_zernike.TestZernikeStandard" name="test_azimuthal_term[backend=numpy]" time="0.001" /><testcase classname="tests.test_zernike.TestZernikeStandard" name="test_azimuthal_term[backend=torch]" time="0.002" /><testcase classname="tests.test_zernike.TestZernikeStandard" name="test_norm_constant[backend=numpy]" time="0.001" /><testcase classname="tests.test_zernike.TestZernikeStandard" name="test_norm_constant[backend=torch]" time="0.002" /><testcase classname="tests.test_zernike.TestZernikeStandard" name="test_generate_indices[backend=numpy]" time="0.002" /><testcase classname="tests.test_zernike.TestZernikeStandard" name="test_generate_indices[backend=torch]" time="0.001" /><testcase classname="tests.test_zernike.TestZernikeStandard" name="test_index_to_number[backend=numpy]" time="0.001" /><testcase classname="tests.test_zernike.TestZernikeStandard" name="test_index_to_number[backend=torch]" time="0.002" /><testcase classname="tests.test_zernike.TestZernikeFringe" name="test_get_term[backend=numpy]" time="0.001" /><testcase classname="tests.test_zernike.TestZernikeFringe" name="test_get_term[backend=torch]" time="0.002" /><testcase classname="tests.test_zernike.TestZernikeFringe" name="test_terms[backend=numpy]" time="0.002" /><testcase classname="tests.test_zernike.TestZernikeFringe" name="test_terms[backend=torch]" time="0.006" /><testcase classname="tests.test_zernike.TestZernikeFringe" name="test_poly[backend=numpy]" time="0.002" /><testcase classname="tests.test_zernike.TestZernikeFringe" name="test_poly[backend=torch]" time="0.006" /><testcase classname="tests.test_zernike.TestZernikeFringe" name="test_radial_term[backend=numpy]" time="0.001" /><testcase classname="tests.test_zernike.TestZernikeFringe" name="test_radial_term[backend=torch]" time="0.002" /><testcase classname="tests.test_zernike.TestZernikeFringe" name="test_azimuthal_term[backend=numpy]" time="0.001" /><testcase classname="tests.test_zernike.TestZernikeFringe" name="test_azimuthal_term[backend=torch]" time="0.001" /><testcase classname="tests.test_zernike.TestZernikeFringe" name="test_norm_constant[backend=numpy]" time="0.001" /><testcase classname="tests.test_zernike.TestZernikeFringe" name="test_norm_constant[backend=torch]" time="0.002" /><testcase classname="tests.test_zernike.TestZernikeFringe" name="test_generate_indices[backend=numpy]" time="0.003" /><testcase classname="tests.test_zernike.TestZernikeFringe" name="test_generate_indices[backend=torch]" time="0.001" /><testcase classname="tests.test_zernike.TestZernikeFringe" name="test_index_to_number[backend=numpy]" time="0.004" /><testcase classname="tests.test_zernike.TestZernikeFringe" name="test_index_to_number[backend=torch]" time="0.004" /><testcase classname="tests.test_zernike.TestZernikeNoll" name="test_get_term[backend=numpy]" time="0.002" /><testcase classname="tests.test_zernike.TestZernikeNoll" name="test_get_term[backend=torch]" time="0.003" /><testcase classname="tests.test_zernike.TestZernikeNoll" name="test_terms[backend=numpy]" time="0.003" /><testcase classname="tests.test_zernike.TestZernikeNoll" name="test_terms[backend=torch]" time="0.010" /><testcase classname="tests.test_zernike.TestZernikeNoll" name="test_poly[backend=numpy]" time="0.002" /><testcase classname="tests.test_zernike.TestZernikeNoll" name="test_poly[backend=torch]" time="0.008" /><testcase classname="tests.test_zernike.TestZernikeNoll" name="test_radial_term[backend=numpy]" time="0.001" /><testcase classname="tests.test_zernike.TestZernikeNoll" name="test_radial_term[backend=torch]" time="0.003" /><testcase classname="tests.test_zernike.TestZernikeNoll" name="test_azimuthal_term[backend=numpy]" time="0.003" /><testcase classname="tests.test_zernike.TestZernikeNoll" name="test_azimuthal_term[backend=torch]" time="0.003" /><testcase classname="tests.test_zernike.TestZernikeNoll" name="test_norm_constant[backend=numpy]" time="0.001" /><testcase classname="tests.test_zernike.TestZernikeNoll" name="test_norm_constant[backend=torch]" time="0.003" /><testcase classname="tests.test_zernike.TestZernikeNoll" name="test_generate_indices[backend=numpy]" time="0.006" /><testcase classname="tests.test_zernike.TestZernikeNoll" name="test_generate_indices[backend=torch]" time="0.003" /><testcase classname="tests.test_zernike.TestZernikeNoll" name="test_index_to_number[backend=numpy]" time="0.005" /><testcase classname="tests.test_zernike.TestZernikeNoll" name="test_index_to_number[backend=torch]" time="0.006" /><testcase classname="tests.test_zernike.TestZernikeFit" name="test_init[backend=numpy]" time="0.011" /><testcase classname="tests.test_zernike.TestZernikeFit" name="test_init[backend=torch]" time="0.091" /><testcase classname="tests.test_zernike.TestZernikeFit" name="test_init_standard[backend=numpy]" time="0.006" /><testcase classname="tests.test_zernike.TestZernikeFit" name="test_init_standard[backend=torch]" time="0.054" /><testcase classname="tests.test_zernike.TestZernikeFit" name="test_init_noll[backend=numpy]" time="0.004" /><testcase classname="tests.test_zernike.TestZernikeFit" name="test_init_noll[backend=torch]" time="0.048" /><testcase classname="tests.test_zernike.TestZernikeFit" name="test_invalid_zernike_type[backend=numpy]" time="0.003" /><testcase classname="tests.test_zernike.TestZernikeFit" name="test_invalid_zernike_type[backend=torch]" time="0.002" /><testcase classname="tests.test_zernike.TestZernikeFit" name="test_coeffs[backend=numpy]" time="0.008" /><testcase classname="tests.test_zernike.TestZernikeFit" name="test_coeffs[backend=torch]" time="0.053" /><testcase classname="tests.test_zernike.TestZernikeFit" name="test_coeffs_standard[backend=numpy]" time="0.007" /><testcase classname="tests.test_zernike.TestZernikeFit" name="test_coeffs_standard[backend=torch]" time="0.038" /><testcase classname="tests.test_zernike.TestZernikeFit" name="test_coeffs_noll[backend=numpy]" time="0.003" /><testcase classname="tests.test_zernike.TestZernikeFit" name="test_coeffs_noll[backend=torch]" time="0.021" /><testcase classname="tests.test_zernike.TestZernikeFit" name="test_invalid_view_projection[backend=numpy]" time="0.045" /><testcase classname="tests.test_zernike.TestZernikeFit" name="test_invalid_view_projection[backend=torch]" time="0.162" /><testcase classname="tests.test_zernike.TestZernikeFit" name="test_view_standard[backend=numpy]" time="0.073" /><testcase classname="tests.test_zernike.TestZernikeFit" name="test_view_standard[backend=torch]" time="0.157" /><testcase classname="tests.test_zernike.TestZernikeFit" name="test_view_standard_3d[backend=numpy]" time="0.288" /><testcase classname="tests.test_zernike.TestZernikeFit" name="test_view_standard_3d[backend=torch]" time="0.361" /><testcase classname="tests.test_zernike.TestZernikeFit" name="test_view_noll[backend=numpy]" time="0.052" /><testcase classname="tests.test_zernike.TestZernikeFit" name="test_view_noll[backend=torch]" time="0.144" /><testcase classname="tests.test_zernike.TestZernikeFit" name="test_view_noll_3d[backend=numpy]" time="0.271" /><testcase classname="tests.test_zernike.TestZernikeFit" name="test_view_noll_3d[backend=torch]" time="0.633" /><testcase classname="tests.test_zernike.TestZernikeFit" name="test_view_residual_standard[backend=numpy]" time="0.035" /><testcase classname="tests.test_zernike.TestZernikeFit" name="test_view_residual_standard[backend=torch]" time="0.085" /><testcase classname="tests.test_zernike.TestZernikeFit" name="test_view_residual_noll[backend=numpy]" time="0.031" /><testcase classname="tests.test_zernike.TestZernikeFit" name="test_view_residual_noll[backend=torch]" time="0.128" /><testcase classname="tests.test_zernike.TestZernikeFit" name="test_view[backend=numpy]" time="0.052" /><testcase classname="tests.test_zernike.TestZernikeFit" name="test_view[backend=torch]" time="0.136" /><testcase classname="tests.test_zernike.TestZernikeFit" name="test_view_3d[backend=numpy]" time="0.238" /><testcase classname="tests.test_zernike.TestZernikeFit" name="test_view_3d[backend=torch]" time="0.390" /><testcase classname="tests.test_zernike.TestZernikeFit" name="test_view_residual[backend=numpy]" time="0.040" /><testcase classname="tests.test_zernike.TestZernikeFit" name="test_view_residual[backend=torch]" time="0.117" /></testsuite></testsuites>