<?xml version="1.0" encoding="utf-8"?><testsuites name="pytest tests"><testsuite name="pytest" errors="1" failures="0" skipped="0" tests="1" time="2.736" timestamp="2025-10-03T15:02:10.051939-07:00" hostname="glaptop-16"><testcase classname="" name="tests.test_gradient_propagation" time="0.000"><error message="collection failure">ImportError while importing test module 'C:\Users\golde\code\optiland\tests\test_gradient_propagation.py'.
Hint: make sure your test modules/packages have valid Python names.
Traceback:
tests\test_gradient_propagation.py:10: in &lt;module&gt;
    from optiland.interactions.gradient_propagation import propagate_through_gradient
optiland\interactions\gradient_propagation.py:10: in &lt;module&gt;
    from optiland.surfaces.base import BaseSurface
E   ModuleNotFoundError: No module named 'optiland.surfaces.base'</error></testcase></testsuite></testsuites>