<?xml version="1.0" encoding="utf-8"?><testsuites name="pytest tests"><testsuite name="pytest" errors="0" failures="0" skipped="0" tests="4" time="4.584" timestamp="2025-10-02T21:26:16.939068-07:00" hostname="glaptop-16"><testcase classname="tests.test_gradient_surface" name="test_gradient_boundary_surface_inheritance" time="0.004" /><testcase classname="tests.test_gradient_surface" name="test_gradient_boundary_surface_default_instantiation" time="0.006" /><testcase classname="tests.test_gradient_surface" name="test_gradient_boundary_surface_specific_instantiation" time="0.002" /><testcase classname="tests.test_gradient_surface" name="test_gradient_boundary_surface_is_a_marker_type" time="0.002" /></testsuite></testsuites>