<?xml version="1.0" encoding="utf-8"?><testsuites name="pytest tests"><testsuite name="pytest" errors="0" failures="0" skipped="0" tests="18" time="1.779" timestamp="2025-10-23T17:19:27.473615+08:00" hostname="glaptop-16"><testcase classname="tests.propagation.test_grin" name="test_grin_propagation_executes_without_error[backend=numpy]" time="0.028" /><testcase classname="tests.propagation.test_grin" name="test_grin_propagation_executes_without_error[backend=torch]" time="0.167" /><testcase classname="tests.propagation.test_homogeneous" name="test_homogeneous_propagation_position_update[backend=numpy]" time="0.001" /><testcase classname="tests.propagation.test_homogeneous" name="test_homogeneous_propagation_position_update[backend=torch]" time="0.001" /><testcase classname="tests.propagation.test_homogeneous" name="test_homogeneous_propagation_no_attenuation_with_k0[backend=numpy]" time="0.001" /><testcase classname="tests.propagation.test_homogeneous" name="test_homogeneous_propagation_no_attenuation_with_k0[backend=torch]" time="0.001" /><testcase classname="tests.propagation.test_homogeneous" name="test_homogeneous_propagation_attenuation_with_k_gt_0[backend=numpy]" time="0.000" /><testcase classname="tests.propagation.test_homogeneous" name="test_homogeneous_propagation_attenuation_with_k_gt_0[backend=torch]" time="0.001" /><testcase classname="tests.propagation.test_homogeneous" name="test_homogeneous_propagation_normalizes_rays[backend=numpy]" time="0.000" /><testcase classname="tests.propagation.test_homogeneous" name="test_homogeneous_propagation_normalizes_rays[backend=torch]" time="0.001" /><testcase classname="tests.propagation.test_serialization" name="test_optic_serialization_round_trip[backend=numpy-material0-HomogeneousPropagation]" time="0.001" /><testcase classname="tests.propagation.test_serialization" name="test_optic_serialization_round_trip[backend=numpy-material1-GRINPropagation]" time="0.001" /><testcase classname="tests.propagation.test_serialization" name="test_optic_serialization_round_trip[backend=numpy-material2-HomogeneousPropagation]" time="0.002" /><testcase classname="tests.propagation.test_serialization" name="test_optic_serialization_round_trip[backend=torch-material0-HomogeneousPropagation]" time="0.001" /><testcase classname="tests.propagation.test_serialization" name="test_optic_serialization_round_trip[backend=torch-material1-GRINPropagation]" time="0.001" /><testcase classname="tests.propagation.test_serialization" name="test_optic_serialization_round_trip[backend=torch-material2-HomogeneousPropagation]" time="0.002" /><testcase classname="tests.propagation.test_serialization" name="test_material_file_serialization_round_trip[backend=numpy]" time="0.007" /><testcase classname="tests.propagation.test_serialization" name="test_material_file_serialization_round_trip[backend=torch]" time="0.004" /></testsuite></testsuites>